Sender: LSF System <openlava@fit06>
Subject: Job 853380: <pw20> Done

Job <pw20> was submitted from host <fit-gw> by user <trangnm>.
Job was executed on host(s) <20*fit06>, in queue <gpu>, as user <trangnm>.
</home/trangnm> was used as the home directory.
</home/trangnm/ngannt/cidpython> was used as the working directory.
Started at Sat Aug  4 19:19:56 2018
Results reported at Sat Aug  4 20:18:35 2018

Your job looked like:

------------------------------------------------------------
# LSBATCH: User input
PYTHONPATH=/home/trangnm/ngannt/cidpython/ python N_main.py
------------------------------------------------------------

Successfully completed.

Resource usage summary:

    CPU time   :   3108.26 sec.
    Max Memory :      1960 MB
    Max Swap   :     95519 MB

    Max Processes  :         3

The output (if any) follows:

Number of training mentions: 77734
[I] Loading start finished in 0.002 s.
Iter 0 - Loss: 0.8985274434089661 - Acc: 0.48694518208503723
Iter 200 - Loss: 0.7265785902886841 - Acc: 0.5453879455132271
Iter 400 - Loss: 0.7054826985868136 - Acc: 0.5632678245814364
Iter 600 - Loss: 0.6887074831916568 - Acc: 0.5798470438915164
Iter 800 - Loss: 0.6754304906551013 - Acc: 0.5935476706194669
Iter 1000 - Loss: 0.6642879293515132 - Acc: 0.6055408732576685
Iter 1200 - Loss: 0.6554130282032797 - Acc: 0.6149417094197698
End epochs 1 
Iter 0 - Loss: 0.618317723274231 - Acc: 0.6599045395851135
Iter 200 - Loss: 0.5934633016586304 - Acc: 0.6820192402275047
Iter 400 - Loss: 0.5904527612755126 - Acc: 0.685160755070665
Iter 600 - Loss: 0.5882494193741962 - Acc: 0.687875695910906
Iter 800 - Loss: 0.5857370228654287 - Acc: 0.6906551715735342
Iter 1000 - Loss: 0.5828240880003938 - Acc: 0.6934938773765907
Iter 1200 - Loss: 0.5801544702618843 - Acc: 0.6961986911386177
End epochs 2 
Iter 0 - Loss: 0.5473536849021912 - Acc: 0.7285353541374207
Iter 200 - Loss: 0.5468610124801522 - Acc: 0.7249236136526611
Iter 400 - Loss: 0.5472022611601395 - Acc: 0.7252456921889003
Iter 600 - Loss: 0.5450653992655273 - Acc: 0.727758234233507
Iter 800 - Loss: 0.5429224671793639 - Acc: 0.729538483119636
Iter 1000 - Loss: 0.5418989784293599 - Acc: 0.7301854436452334
Iter 1200 - Loss: 0.5398955763775939 - Acc: 0.7318198259029658
End epochs 3 
Iter 0 - Loss: 0.5357640385627747 - Acc: 0.7281553149223328
Iter 200 - Loss: 0.5096064902360167 - Acc: 0.756246804004878
Iter 400 - Loss: 0.5093244097179308 - Acc: 0.7554052889792996
Iter 600 - Loss: 0.508146312441088 - Acc: 0.7563622361808371
Iter 800 - Loss: 0.5077839284279522 - Acc: 0.7568889368934727
Iter 1000 - Loss: 0.5069688815813321 - Acc: 0.7575051004474576
Iter 1200 - Loss: 0.5065481341401306 - Acc: 0.7578960778711241
End epochs 4 
Iter 0 - Loss: 0.47751882672309875 - Acc: 0.7965116500854492
Iter 200 - Loss: 0.48459204942432804 - Acc: 0.774374044653195
Iter 400 - Loss: 0.48067765194281675 - Acc: 0.7762032876585487
Iter 600 - Loss: 0.4805613893538267 - Acc: 0.7765855154459568
Iter 800 - Loss: 0.48049112265178473 - Acc: 0.7765868856070491
Iter 1000 - Loss: 0.4799096149640841 - Acc: 0.7770137605848131
Iter 1200 - Loss: 0.47919444473061734 - Acc: 0.7773634877232687
End epochs 5 
Iter 0 - Loss: 0.4243830144405365 - Acc: 0.7936508059501648
Iter 200 - Loss: 0.456633520808386 - Acc: 0.7928089211829266
Iter 400 - Loss: 0.4588695167751978 - Acc: 0.79130969216996
Iter 600 - Loss: 0.45917706288236154 - Acc: 0.7913223290800453
Iter 800 - Loss: 0.4586894516269217 - Acc: 0.7912866895118457
Iter 1000 - Loss: 0.45789815546511176 - Acc: 0.7917282410434909
Iter 1200 - Loss: 0.45714916672238104 - Acc: 0.7919355387195361
End epochs 6 
Iter 0 - Loss: 0.43506473302841187 - Acc: 0.800715982913971
Iter 200 - Loss: 0.42912826401677295 - Acc: 0.8078351735475644
Iter 400 - Loss: 0.43088773554400017 - Acc: 0.8066895755746418
Iter 600 - Loss: 0.43155155528008243 - Acc: 0.8060261735106863
Iter 800 - Loss: 0.4312615909528792 - Acc: 0.80621500772781
Iter 1000 - Loss: 0.4317666638743032 - Acc: 0.8059034628587051
Iter 1200 - Loss: 0.43141848637996166 - Acc: 0.8059087527185356
End epochs 7 
Iter 0 - Loss: 0.4464622437953949 - Acc: 0.7925659418106079
Iter 200 - Loss: 0.40849398424969385 - Acc: 0.8186704113115719
Iter 400 - Loss: 0.4115653408881732 - Acc: 0.8174045854375844
Iter 600 - Loss: 0.41227773610446694 - Acc: 0.8168630475014101
Iter 800 - Loss: 0.4135812933971819 - Acc: 0.8162648993336157
Iter 1000 - Loss: 0.4142559921586668 - Acc: 0.8158437058284923
Iter 1200 - Loss: 0.4140243034726079 - Acc: 0.8159759875935976
End epochs 8 
Iter 0 - Loss: 0.45351922512054443 - Acc: 0.7831632494926453
Iter 200 - Loss: 0.39798878570694235 - Acc: 0.8258291453271362
Iter 400 - Loss: 0.3981861557597829 - Acc: 0.8249950263268335
Iter 600 - Loss: 0.40052820853703036 - Acc: 0.8240534118725337
Iter 800 - Loss: 0.4012213849024231 - Acc: 0.8241870037922996
Iter 1000 - Loss: 0.40128800969619255 - Acc: 0.82415913362484
Iter 1200 - Loss: 0.40058383050310326 - Acc: 0.8246270714949608
End epochs 9 
Iter 0 - Loss: 0.3355295956134796 - Acc: 0.8752913475036621
Iter 200 - Loss: 0.3783404468303889 - Acc: 0.8376486084947539
Iter 400 - Loss: 0.3828236525344135 - Acc: 0.8350225229215741
Iter 600 - Loss: 0.38511490256536424 - Acc: 0.8337184205626489
Iter 800 - Loss: 0.38574263862753927 - Acc: 0.8333264890681492
Iter 1000 - Loss: 0.3874942685936119 - Acc: 0.8321741014331966
Iter 1200 - Loss: 0.3876770657117321 - Acc: 0.8318930736787115
End epochs 10 
Iter 0 - Loss: 0.3385388255119324 - Acc: 0.8708010315895081
Iter 200 - Loss: 0.3674136687867084 - Acc: 0.8437094804066331
Iter 400 - Loss: 0.3735261974935222 - Acc: 0.8403490132227206
Iter 600 - Loss: 0.37549118695163886 - Acc: 0.8392130677989637
Iter 800 - Loss: 0.37678020325641653 - Acc: 0.8384239678079269
Iter 1000 - Loss: 0.3776338385058926 - Acc: 0.8379441703949775
Iter 1200 - Loss: 0.3781770966531434 - Acc: 0.8376597404281464
End epochs 11 
Iter 0 - Loss: 0.37659063935279846 - Acc: 0.8486352562904358
Iter 200 - Loss: 0.3606965777589314 - Acc: 0.8474604546727232
Iter 400 - Loss: 0.36458975537459454 - Acc: 0.8452690811525854
Iter 600 - Loss: 0.36697163711768416 - Acc: 0.844384213949797
Iter 800 - Loss: 0.36773070882768666 - Acc: 0.8437670003459993
Iter 1000 - Loss: 0.3693302476203644 - Acc: 0.8428132059452655
Iter 1200 - Loss: 0.36972098966919315 - Acc: 0.8426472047882017
End epochs 12 
Iter 0 - Loss: 0.3702280819416046 - Acc: 0.8436073064804077
Iter 200 - Loss: 0.3535679516507618 - Acc: 0.851476022853187
Iter 400 - Loss: 0.3557430414338956 - Acc: 0.8499208281462329
Iter 600 - Loss: 0.3579411791783204 - Acc: 0.8487814576574253
Iter 800 - Loss: 0.3586332882834731 - Acc: 0.8486796118198113
Iter 1000 - Loss: 0.35968562201424675 - Acc: 0.8479728362300656
Iter 1200 - Loss: 0.36105018677957645 - Acc: 0.8472344242067361
End epochs 13 
Iter 0 - Loss: 0.3585283160209656 - Acc: 0.8502415418624878
Iter 200 - Loss: 0.3462171193527345 - Acc: 0.8555831203413247
Iter 400 - Loss: 0.34845271910961134 - Acc: 0.8534869273701808
Iter 600 - Loss: 0.3502762557910802 - Acc: 0.8523613191682368
Iter 800 - Loss: 0.3509389339352071 - Acc: 0.8517872406153494
Iter 1000 - Loss: 0.35148560939790247 - Acc: 0.8513798686888787
Iter 1200 - Loss: 0.35252967341605274 - Acc: 0.8508726386206037
End epochs 14 
Iter 0 - Loss: 0.28507792949676514 - Acc: 0.8913978338241577
Iter 200 - Loss: 0.34277464212173253 - Acc: 0.8561541405483265
Iter 400 - Loss: 0.3411710261183784 - Acc: 0.8569161139818796
Iter 600 - Loss: 0.340253887056511 - Acc: 0.8572287261981932
Iter 800 - Loss: 0.34242597897624255 - Acc: 0.8560871123969926
Iter 1000 - Loss: 0.3433208730998454 - Acc: 0.8556301215073684
Iter 1200 - Loss: 0.3447118256982419 - Acc: 0.8549692692804297
End epochs 15 
Iter 0 - Loss: 0.3549827039241791 - Acc: 0.8517060279846191
Iter 200 - Loss: 0.3336640993754069 - Acc: 0.8605422570337704
Iter 400 - Loss: 0.3336247708880693 - Acc: 0.8608590893614619
Iter 600 - Loss: 0.33509394868638076 - Acc: 0.8602156150162518
Iter 800 - Loss: 0.33598145111446526 - Acc: 0.8595518364144324
Iter 1000 - Loss: 0.3367700211919628 - Acc: 0.8591525532625296
Iter 1200 - Loss: 0.33722111551737805 - Acc: 0.8589133746816554
End epochs 16 
Iter 0 - Loss: 0.353084534406662 - Acc: 0.8412073254585266
Iter 200 - Loss: 0.32875699190358026 - Acc: 0.863461253358357
Iter 400 - Loss: 0.3278422150900239 - Acc: 0.8632489809966147
Iter 600 - Loss: 0.3293511757686015 - Acc: 0.8627304724369589
Iter 800 - Loss: 0.33053089551785764 - Acc: 0.8624560361944335
Iter 1000 - Loss: 0.3315225861497692 - Acc: 0.8618474831947913
Iter 1200 - Loss: 0.3320538833005343 - Acc: 0.861493231305274
End epochs 17 
Iter 0 - Loss: 0.358993262052536 - Acc: 0.8390052318572998
Iter 200 - Loss: 0.3164552301168442 - Acc: 0.8694749839270293
Iter 400 - Loss: 0.32045348010901503 - Acc: 0.8672743314816768
Iter 600 - Loss: 0.3215286634031826 - Acc: 0.8669382917900847
Iter 800 - Loss: 0.32415244174881674 - Acc: 0.8657210938046488
Iter 1000 - Loss: 0.3254385614669049 - Acc: 0.8650854191818199
Iter 1200 - Loss: 0.3265811513231557 - Acc: 0.8644991067426587
End epochs 18 
Iter 0 - Loss: 0.2980825901031494 - Acc: 0.8732227683067322
Iter 200 - Loss: 0.3153114910445996 - Acc: 0.8694706155886105
Iter 400 - Loss: 0.3170396936801901 - Acc: 0.8692994074631213
Iter 600 - Loss: 0.31937314205479106 - Acc: 0.8682629380765652
Iter 800 - Loss: 0.32040569822439985 - Acc: 0.8679688014043553
Iter 1000 - Loss: 0.32128456910768827 - Acc: 0.8674630463182866
Iter 1200 - Loss: 0.32262002848566423 - Acc: 0.8665977739275346
End epochs 19 
Iter 0 - Loss: 0.31523576378822327 - Acc: 0.8552631735801697
Iter 200 - Loss: 0.31475448133933603 - Acc: 0.8703508371144385
Iter 400 - Loss: 0.3149286927725014 - Acc: 0.8706585766371349
Iter 600 - Loss: 0.31510643492423357 - Acc: 0.8705873604423789
Iter 800 - Loss: 0.3164903919460175 - Acc: 0.8700413187493694
Iter 1000 - Loss: 0.31755432818498047 - Acc: 0.8695234847473693
Iter 1200 - Loss: 0.3183045615314147 - Acc: 0.8690532429529964
End epochs 20 
Iter 0 - Loss: 0.28618305921554565 - Acc: 0.8812500238418579
Iter 200 - Loss: 0.3074222852045031 - Acc: 0.8752390018743069
Iter 400 - Loss: 0.3075385208141774 - Acc: 0.8748513865946534
Iter 600 - Loss: 0.3085943176077924 - Acc: 0.8740943528451459
Iter 800 - Loss: 0.31074247108342196 - Acc: 0.8732210837499925
Iter 1000 - Loss: 0.31266532405153974 - Acc: 0.8720461314136569
Iter 1200 - Loss: 0.3144206111253449 - Acc: 0.8713570391010186
End epochs 21 
Iter 0 - Loss: 0.3018490970134735 - Acc: 0.8862559199333191
Iter 200 - Loss: 0.3064410853296963 - Acc: 0.8748966078853133
Iter 400 - Loss: 0.3076002403090422 - Acc: 0.8745139025690549
Iter 600 - Loss: 0.3079173557224766 - Acc: 0.8743710258042753
Iter 800 - Loss: 0.30950817333699465 - Acc: 0.8736925832787703
Iter 1000 - Loss: 0.3102258930315862 - Acc: 0.8731724546029493
Iter 1200 - Loss: 0.31049007344851387 - Acc: 0.872982226690583
End epochs 22 
Iter 0 - Loss: 0.29607608914375305 - Acc: 0.8733153343200684
Iter 200 - Loss: 0.302818894682832 - Acc: 0.8767579556697637
Iter 400 - Loss: 0.3047070662651276 - Acc: 0.8759284136895824
Iter 600 - Loss: 0.30421324535435723 - Acc: 0.8761585352821477
Iter 800 - Loss: 0.3053984081142404 - Acc: 0.8756032470013765
Iter 1000 - Loss: 0.3070134359907794 - Acc: 0.8750851718219487
Iter 1200 - Loss: 0.30836846291721115 - Acc: 0.8743633244257982
End epochs 23 
Iter 0 - Loss: 0.27757883071899414 - Acc: 0.88228440284729
Iter 200 - Loss: 0.2971910408776791 - Acc: 0.8799977670261516
Iter 400 - Loss: 0.2993331524425017 - Acc: 0.8794580590992497
Iter 600 - Loss: 0.30063404856922227 - Acc: 0.879090420616645
Iter 800 - Loss: 0.30095437792282126 - Acc: 0.8787520989198958
Iter 1000 - Loss: 0.302033828405829 - Acc: 0.8779515887831117
Iter 1200 - Loss: 0.3035371571928139 - Acc: 0.8770217920322403
End epochs 24 
Iter 0 - Loss: 0.3028855621814728 - Acc: 0.8847874999046326
Iter 200 - Loss: 0.2947806809375535 - Acc: 0.8810754557747152
Iter 400 - Loss: 0.29677235697421644 - Acc: 0.8803202471233663
Iter 600 - Loss: 0.29900477214184856 - Acc: 0.8793522594574089
Iter 800 - Loss: 0.30015634714664147 - Acc: 0.8787814745593457
Iter 1000 - Loss: 0.300342235784907 - Acc: 0.8785608624006723
Iter 1200 - Loss: 0.30118403358572626 - Acc: 0.8781811709606478
End epochs 25 
Iter 0 - Loss: 0.3118104934692383 - Acc: 0.8753026723861694
Iter 200 - Loss: 0.2959910743865208 - Acc: 0.8812541083909979
Iter 400 - Loss: 0.2942919458757315 - Acc: 0.8819856878527976
Iter 600 - Loss: 0.2943965384299664 - Acc: 0.8818515993394391
Iter 800 - Loss: 0.2955261455493027 - Acc: 0.8812373284989975
Iter 1000 - Loss: 0.2974874623469659 - Acc: 0.8803643743832271
Iter 1200 - Loss: 0.2975566342138033 - Acc: 0.8803774925393923
End epochs 26 
Iter 0 - Loss: 0.29611071944236755 - Acc: 0.8827751278877258
Iter 200 - Loss: 0.2877043278804466 - Acc: 0.8858273159805222
Iter 400 - Loss: 0.2900524585324333 - Acc: 0.8845841200868982
Iter 600 - Loss: 0.29063090054742907 - Acc: 0.8840913959033477
Iter 800 - Loss: 0.29334824285778066 - Acc: 0.8827164611417554
Iter 1000 - Loss: 0.2943370114048044 - Acc: 0.8824087196773106
Iter 1200 - Loss: 0.29466685905841666 - Acc: 0.8822545577941786
End epochs 27 
Iter 0 - Loss: 0.25827863812446594 - Acc: 0.8939393758773804
Iter 200 - Loss: 0.28888735404951654 - Acc: 0.8841866118397879
Iter 400 - Loss: 0.2893472655752948 - Acc: 0.8842212147546231
Iter 600 - Loss: 0.2903072113750778 - Acc: 0.8836006678876385
Iter 800 - Loss: 0.2918319322085113 - Acc: 0.883202515291364
Iter 1000 - Loss: 0.29207496142589845 - Acc: 0.883056355701698
Iter 1200 - Loss: 0.2932284237145385 - Acc: 0.8825338550848727
End epochs 28 
Iter 0 - Loss: 0.3257143497467041 - Acc: 0.8623376488685608
Iter 200 - Loss: 0.2810291983743212 - Acc: 0.8884784493280288
Iter 400 - Loss: 0.28569628205382613 - Acc: 0.8861473994956647
Iter 600 - Loss: 0.2875585919261574 - Acc: 0.8853573317139002
Iter 800 - Loss: 0.2884281049767386 - Acc: 0.8850295366568214
Iter 1000 - Loss: 0.289168776242764 - Acc: 0.8846068382858635
Iter 1200 - Loss: 0.2900981687065167 - Acc: 0.8841807183675424
End epochs 29 
Iter 0 - Loss: 0.25318169593811035 - Acc: 0.898809552192688
Iter 200 - Loss: 0.2856268958369298 - Acc: 0.8865169968771104
Iter 400 - Loss: 0.28622250218046574 - Acc: 0.8867111815478737
Iter 600 - Loss: 0.28735067815629894 - Acc: 0.8859143123253808
Iter 800 - Loss: 0.2879255212536465 - Acc: 0.8857243132501952
Iter 1000 - Loss: 0.2885326082473035 - Acc: 0.8853692221832085
Iter 1200 - Loss: 0.28924340946440097 - Acc: 0.8850308697884725
End epochs 30 
Saved the model
[I] Start training finished in 3486.752 s.


PS:

Read file </home/trangnm/ngannt/cidpython//development/Pointwise/result/pw20@19:19:53-04:08:18.error> for stderr output of this job.

