Sender: LSF System <openlava@fit06>
Subject: Job 853351: <pw30> Done

Job <pw30> was submitted from host <fit-gw> by user <trangnm>.
Job was executed on host(s) <20*fit06>, in queue <gpu>, as user <trangnm>.
</home/trangnm> was used as the home directory.
</home/trangnm/ngannt/cidpython> was used as the working directory.
Started at Sat Aug  4 14:18:54 2018
Results reported at Sat Aug  4 15:17:18 2018

Your job looked like:

------------------------------------------------------------
# LSBATCH: User input
PYTHONPATH=/home/trangnm/ngannt/cidpython/ python N_main.py
------------------------------------------------------------

Successfully completed.

Resource usage summary:

    CPU time   :   3092.04 sec.
    Max Memory :      1958 MB
    Max Swap   :     95519 MB

    Max Processes  :         3

The output (if any) follows:

Number of training mentions: 77734
[I] Loading start finished in 0.005 s.
Iter 0 - Loss: 1.2216119766235352 - Acc: 0.48041775822639465
Iter 200 - Loss: 0.7008352003880401 - Acc: 0.5344626062841558
Iter 400 - Loss: 0.6868144684004367 - Acc: 0.554014428149435
Iter 600 - Loss: 0.6800120493734935 - Acc: 0.5654575905069932
Iter 800 - Loss: 0.6751132825489496 - Acc: 0.5736394833387358
Iter 1000 - Loss: 0.6711047501949878 - Acc: 0.5802174238534598
Iter 1200 - Loss: 0.6679155142678508 - Acc: 0.5854096366503554
End epochs 1 
Iter 0 - Loss: 0.6424638032913208 - Acc: 0.6157518029212952
Iter 200 - Loss: 0.6428500247831962 - Acc: 0.6231966866782649
Iter 400 - Loss: 0.6415178203523307 - Acc: 0.6247920261654176
Iter 600 - Loss: 0.6396269075287361 - Acc: 0.6250838077008823
Iter 800 - Loss: 0.6368441022886021 - Acc: 0.6263306315025586
Iter 1000 - Loss: 0.6341961973554248 - Acc: 0.6277412114205299
Iter 1200 - Loss: 0.6318373624033773 - Acc: 0.6285465574085861
End epochs 2 
Iter 0 - Loss: 0.6067699193954468 - Acc: 0.6199495196342468
Iter 200 - Loss: 0.6017767223552685 - Acc: 0.6476124489485328
Iter 400 - Loss: 0.6020494353146921 - Acc: 0.6451258601393188
Iter 600 - Loss: 0.5995969768371836 - Acc: 0.6461715901552539
Iter 800 - Loss: 0.5971483356794912 - Acc: 0.6467832865637637
Iter 1000 - Loss: 0.5951911727269809 - Acc: 0.647244531791527
Iter 1200 - Loss: 0.593064727235297 - Acc: 0.647800534889164
End epochs 3 
Iter 0 - Loss: 0.5782653093338013 - Acc: 0.6626213788986206
Iter 200 - Loss: 0.5673020637747067 - Acc: 0.6603738389798065
Iter 400 - Loss: 0.5678542102512874 - Acc: 0.6585156273960769
Iter 600 - Loss: 0.5660463920647213 - Acc: 0.6594275628865857
Iter 800 - Loss: 0.5656703062048566 - Acc: 0.6597705648632978
Iter 1000 - Loss: 0.5634018357519384 - Acc: 0.6614391868645614
Iter 1200 - Loss: 0.5629217034077069 - Acc: 0.6619625571466902
End epochs 4 
Iter 0 - Loss: 0.5204213261604309 - Acc: 0.699999988079071
Iter 200 - Loss: 0.5451097199276312 - Acc: 0.6733584398060889
Iter 400 - Loss: 0.5413819595316699 - Acc: 0.6750056122306577
Iter 600 - Loss: 0.5413802647451791 - Acc: 0.6750402686599883
Iter 800 - Loss: 0.541388219475895 - Acc: 0.6752774030825917
Iter 1000 - Loss: 0.5410058704110887 - Acc: 0.6752549071054715
Iter 1200 - Loss: 0.5401943111846489 - Acc: 0.6759911313541327
End epochs 5 
Iter 0 - Loss: 0.4932388961315155 - Acc: 0.7018140554428101
Iter 200 - Loss: 0.5218188228891857 - Acc: 0.6858199722138211
Iter 400 - Loss: 0.5231605060677279 - Acc: 0.6868287928383844
Iter 600 - Loss: 0.5234042577656256 - Acc: 0.6882552867522851
Iter 800 - Loss: 0.52297578322307 - Acc: 0.6891973823792628
Iter 1000 - Loss: 0.5224526846682751 - Acc: 0.6897786546063114
Iter 1200 - Loss: 0.5227574090179457 - Acc: 0.6897591114242706
End epochs 6 
Iter 0 - Loss: 0.5019355416297913 - Acc: 0.699284017086029
Iter 200 - Loss: 0.5092771294994733 - Acc: 0.6972091722844252
Iter 400 - Loss: 0.5103019268584073 - Acc: 0.6971059890459304
Iter 600 - Loss: 0.5110767964713784 - Acc: 0.6966403951859117
Iter 800 - Loss: 0.5107910355527452 - Acc: 0.6970698455448603
Iter 1000 - Loss: 0.5102176571880782 - Acc: 0.6977535431439822
Iter 1200 - Loss: 0.5103562393851523 - Acc: 0.6979294712597087
End epochs 7 
Iter 0 - Loss: 0.528403103351593 - Acc: 0.7182254195213318
Iter 200 - Loss: 0.4967362794710036 - Acc: 0.7056248001198271
Iter 400 - Loss: 0.4966871716881036 - Acc: 0.7064979424203126
Iter 600 - Loss: 0.4978422499734431 - Acc: 0.7055458662513885
Iter 800 - Loss: 0.49867669559001326 - Acc: 0.7060844969660155
Iter 1000 - Loss: 0.4993859029911853 - Acc: 0.7065921303751943
Iter 1200 - Loss: 0.49853678455857015 - Acc: 0.7080006519026999
End epochs 8 
Iter 0 - Loss: 0.5016145706176758 - Acc: 0.7053571343421936
Iter 200 - Loss: 0.484548722926657 - Acc: 0.7222874111204005
Iter 400 - Loss: 0.4842621477464785 - Acc: 0.7236125605956575
Iter 600 - Loss: 0.48431294982921264 - Acc: 0.7244237350941498
Iter 800 - Loss: 0.48376342159383157 - Acc: 0.7254103473509742
Iter 1000 - Loss: 0.48292444766937315 - Acc: 0.7262168525458573
Iter 1200 - Loss: 0.4818779011749407 - Acc: 0.7275407650786375
End epochs 9 
Iter 0 - Loss: 0.47980454564094543 - Acc: 0.745920717716217
Iter 200 - Loss: 0.46543905257585627 - Acc: 0.7404122222122268
Iter 400 - Loss: 0.4675635954834279 - Acc: 0.7392754584476537
Iter 600 - Loss: 0.4685649449337342 - Acc: 0.7390987101489811
Iter 800 - Loss: 0.4686319192176157 - Acc: 0.7391601989182938
Iter 1000 - Loss: 0.46964421213328184 - Acc: 0.7386759273655765
Iter 1200 - Loss: 0.4695719381752459 - Acc: 0.7389582092319301
End epochs 10 
Iter 0 - Loss: 0.4527379870414734 - Acc: 0.7428940534591675
Iter 200 - Loss: 0.4521039706557544 - Acc: 0.7492839376724775
Iter 400 - Loss: 0.45819820266709366 - Acc: 0.7473100410435265
Iter 600 - Loss: 0.4581027833276898 - Acc: 0.7476582877251153
Iter 800 - Loss: 0.4597770662120219 - Acc: 0.7469514577873935
Iter 1000 - Loss: 0.4603264728387991 - Acc: 0.7467856004045202
Iter 1200 - Loss: 0.46064008870390827 - Acc: 0.7468047212005952
End epochs 11 
Iter 0 - Loss: 0.4433603882789612 - Acc: 0.7617865800857544
Iter 200 - Loss: 0.447129550561383 - Acc: 0.7548042778945088
Iter 400 - Loss: 0.4477237716428657 - Acc: 0.754538019993656
Iter 600 - Loss: 0.44849847785248337 - Acc: 0.7542463993272448
Iter 800 - Loss: 0.4491159957223171 - Acc: 0.7541634252901828
Iter 1000 - Loss: 0.44957934026713375 - Acc: 0.7540661889118153
Iter 1200 - Loss: 0.449652197979372 - Acc: 0.7540233121327219
End epochs 12 
Iter 0 - Loss: 0.44884824752807617 - Acc: 0.7579908967018127
Iter 200 - Loss: 0.43557680379692004 - Acc: 0.76355763246764
Iter 400 - Loss: 0.43786785868635203 - Acc: 0.7622926852055024
Iter 600 - Loss: 0.4393927698920848 - Acc: 0.760883160121429
Iter 800 - Loss: 0.4390524011500617 - Acc: 0.7613960802927148
Iter 1000 - Loss: 0.4398458131424316 - Acc: 0.7610055786984545
Iter 1200 - Loss: 0.4405803782904178 - Acc: 0.7606378625969803
End epochs 13 
Iter 0 - Loss: 0.4536767601966858 - Acc: 0.7632850408554077
Iter 200 - Loss: 0.42992442149427995 - Acc: 0.7678161159676699
Iter 400 - Loss: 0.43055398097062053 - Acc: 0.7673789950974862
Iter 600 - Loss: 0.43135283265058294 - Acc: 0.7675486687019145
Iter 800 - Loss: 0.43151523264011044 - Acc: 0.7678193645679697
Iter 1000 - Loss: 0.43270510539308293 - Acc: 0.7670036963411383
Iter 1200 - Loss: 0.4329593000711748 - Acc: 0.7669089887164018
End epochs 14 
Iter 0 - Loss: 0.3685709834098816 - Acc: 0.8032258152961731
Iter 200 - Loss: 0.4251687405121267 - Acc: 0.7722606736036083
Iter 400 - Loss: 0.4238244912719489 - Acc: 0.7731604408147627
Iter 600 - Loss: 0.4230073304124759 - Acc: 0.7738795565091037
Iter 800 - Loss: 0.42400247081835174 - Acc: 0.7735328084967109
Iter 1000 - Loss: 0.42430171153166674 - Acc: 0.7737335285225829
Iter 1200 - Loss: 0.42497197572734335 - Acc: 0.773693092210803
End epochs 15 
Iter 0 - Loss: 0.42419928312301636 - Acc: 0.7742782235145569
Iter 200 - Loss: 0.41274672820793457 - Acc: 0.7813849395780421
Iter 400 - Loss: 0.4131290853915369 - Acc: 0.7820633706309255
Iter 600 - Loss: 0.41461860900512354 - Acc: 0.7813145812854989
Iter 800 - Loss: 0.41625690687164085 - Acc: 0.779927921429109
Iter 1000 - Loss: 0.4171811303832791 - Acc: 0.7794549218067279
Iter 1200 - Loss: 0.41758294040019267 - Acc: 0.7794253773038136
End epochs 16 
Iter 0 - Loss: 0.43009382486343384 - Acc: 0.7664042115211487
Iter 200 - Loss: 0.41022663285483174 - Acc: 0.7846127967929366
Iter 400 - Loss: 0.4087717585878777 - Acc: 0.7857855085720148
Iter 600 - Loss: 0.4102115385147577 - Acc: 0.7847246481059197
Iter 800 - Loss: 0.41097956382379996 - Acc: 0.7843225085631144
Iter 1000 - Loss: 0.41160885109887135 - Acc: 0.783971983355123
Iter 1200 - Loss: 0.41128888242349937 - Acc: 0.7842888059365958
End epochs 17 
Iter 0 - Loss: 0.40710586309432983 - Acc: 0.786649227142334
Iter 200 - Loss: 0.40136964092800276 - Acc: 0.790401419893426
Iter 400 - Loss: 0.4024751700665291 - Acc: 0.7902143514364438
Iter 600 - Loss: 0.403831320574597 - Acc: 0.7895421859825312
Iter 800 - Loss: 0.40458242321728766 - Acc: 0.7891429854689466
Iter 1000 - Loss: 0.40485426831197785 - Acc: 0.7891328939191111
Iter 1200 - Loss: 0.4050329378701368 - Acc: 0.7891573109892782
End epochs 18 
Iter 0 - Loss: 0.41753634810447693 - Acc: 0.771327018737793
Iter 200 - Loss: 0.3984528243245177 - Acc: 0.7923938928551935
Iter 400 - Loss: 0.3980017971814125 - Acc: 0.7933746582254805
Iter 600 - Loss: 0.40070487169576763 - Acc: 0.7923800345268504
Iter 800 - Loss: 0.4007064737333043 - Acc: 0.7925719659724336
Iter 1000 - Loss: 0.4003920663784553 - Acc: 0.7929532245084361
Iter 1200 - Loss: 0.4008487049090078 - Acc: 0.7929285748812877
End epochs 19 
Iter 0 - Loss: 0.38745933771133423 - Acc: 0.7954545617103577
Iter 200 - Loss: 0.3929601218273391 - Acc: 0.7967771072292802
Iter 400 - Loss: 0.3924149853778896 - Acc: 0.7974866411632433
Iter 600 - Loss: 0.39338906210988217 - Acc: 0.7976624047299986
Iter 800 - Loss: 0.39498508560672385 - Acc: 0.7972064787677761
Iter 1000 - Loss: 0.39576232344001444 - Acc: 0.7972739510960155
Iter 1200 - Loss: 0.3955520695939251 - Acc: 0.7973929552809582
End epochs 20 
Iter 0 - Loss: 0.3808867037296295 - Acc: 0.7900000214576721
Iter 200 - Loss: 0.3838078268428347 - Acc: 0.804731931852464
Iter 400 - Loss: 0.38494039912176253 - Acc: 0.8049277449189279
Iter 600 - Loss: 0.3856362395496813 - Acc: 0.8044362242725646
Iter 800 - Loss: 0.3875844738307815 - Acc: 0.8039709839332714
Iter 1000 - Loss: 0.38854280507171546 - Acc: 0.803478202857933
Iter 1200 - Loss: 0.3894262139644353 - Acc: 0.8031142038866245
End epochs 21 
Iter 0 - Loss: 0.40057599544525146 - Acc: 0.7831753492355347
Iter 200 - Loss: 0.3773688998684954 - Acc: 0.8092239976522342
Iter 400 - Loss: 0.3807600051387587 - Acc: 0.8081173403304711
Iter 600 - Loss: 0.38149130106368995 - Acc: 0.8077931807759201
Iter 800 - Loss: 0.38261289490891454 - Acc: 0.8072686825649866
Iter 1000 - Loss: 0.38365533429902277 - Acc: 0.8068609986152802
Iter 1200 - Loss: 0.3840657332159895 - Acc: 0.8069851566710937
End epochs 22 
Iter 0 - Loss: 0.4048490524291992 - Acc: 0.7803234457969666
Iter 200 - Loss: 0.3768332735519504 - Acc: 0.8127657350022994
Iter 400 - Loss: 0.3756179544991091 - Acc: 0.8137326023525133
Iter 600 - Loss: 0.3750985638670834 - Acc: 0.8141731981826503
Iter 800 - Loss: 0.37560300396920443 - Acc: 0.8142154940058676
Iter 1000 - Loss: 0.3756673549795961 - Acc: 0.8147839809154773
Iter 1200 - Loss: 0.37531152300592463 - Acc: 0.8154158584283452
End epochs 23 
Iter 0 - Loss: 0.33250874280929565 - Acc: 0.8344988226890564
Iter 200 - Loss: 0.3606319507556175 - Acc: 0.8263368900142499
Iter 400 - Loss: 0.3640463619755391 - Acc: 0.8239558435734965
Iter 600 - Loss: 0.36361728551582173 - Acc: 0.824362122675345
Iter 800 - Loss: 0.3645121649037884 - Acc: 0.8243040206578192
Iter 1000 - Loss: 0.365525819800355 - Acc: 0.8240151757841463
Iter 1200 - Loss: 0.36495783959796885 - Acc: 0.8246488369176231
End epochs 24 
Iter 0 - Loss: 0.3502524793148041 - Acc: 0.8288590312004089
Iter 200 - Loss: 0.35474677420967254 - Acc: 0.8315121466247597
Iter 400 - Loss: 0.35594811857192593 - Acc: 0.8307245966799539
Iter 600 - Loss: 0.35659642378720585 - Acc: 0.8305758929093944
Iter 800 - Loss: 0.3574969315164247 - Acc: 0.8302233896303117
Iter 1000 - Loss: 0.3576388836472661 - Acc: 0.8301987786154885
Iter 1200 - Loss: 0.35824279102506884 - Acc: 0.8297377349832076
End epochs 25 
Iter 0 - Loss: 0.32780584692955017 - Acc: 0.8595641851425171
Iter 200 - Loss: 0.3509263786213908 - Acc: 0.8346064811322227
Iter 400 - Loss: 0.34922792102927874 - Acc: 0.8353958547561245
Iter 600 - Loss: 0.34857759320993786 - Acc: 0.836226037754592
Iter 800 - Loss: 0.35090677639220685 - Acc: 0.834890852409058
Iter 1000 - Loss: 0.3520056494585165 - Acc: 0.8342194023070397
Iter 1200 - Loss: 0.3521801908992907 - Acc: 0.8344350720722411
End epochs 26 
Iter 0 - Loss: 0.32969531416893005 - Acc: 0.8409090638160706
Iter 200 - Loss: 0.3429207542345892 - Acc: 0.8392961704315831
Iter 400 - Loss: 0.34402650230543275 - Acc: 0.8383455594578884
Iter 600 - Loss: 0.3452151018549718 - Acc: 0.8380224504407353
Iter 800 - Loss: 0.34638332416502277 - Acc: 0.8375860286711456
Iter 1000 - Loss: 0.34741231120311533 - Acc: 0.8372766077220738
Iter 1200 - Loss: 0.34669852229478854 - Acc: 0.8379641378253425
End epochs 27 
Iter 0 - Loss: 0.33916178345680237 - Acc: 0.8517315983772278
Iter 200 - Loss: 0.34251489523631423 - Acc: 0.8409414599783978
Iter 400 - Loss: 0.33994878148497487 - Acc: 0.8423076448892417
Iter 600 - Loss: 0.34027421752148973 - Acc: 0.8421470976113876
Iter 800 - Loss: 0.3423003258181273 - Acc: 0.8414867884210879
Iter 1000 - Loss: 0.34304560954635077 - Acc: 0.8412749008103446
Iter 1200 - Loss: 0.3432335624786142 - Acc: 0.8410747693936891
End epochs 28 
Iter 0 - Loss: 0.3857152760028839 - Acc: 0.8103896379470825
Iter 200 - Loss: 0.33569463613021433 - Acc: 0.8453368944908256
Iter 400 - Loss: 0.336176060901913 - Acc: 0.845067960663032
Iter 600 - Loss: 0.33763871291116154 - Acc: 0.8445479230158738
Iter 800 - Loss: 0.33784736255730285 - Acc: 0.8447491973824567
Iter 1000 - Loss: 0.3380802514312508 - Acc: 0.8447791387389352
Iter 1200 - Loss: 0.3391332699297668 - Acc: 0.8441698346209466
End epochs 29 
Iter 0 - Loss: 0.24939066171646118 - Acc: 0.8857142925262451
Iter 200 - Loss: 0.3311981388288944 - Acc: 0.8484239465561673
Iter 400 - Loss: 0.33101188385873065 - Acc: 0.8481475484936017
Iter 600 - Loss: 0.33240846473841423 - Acc: 0.8472743959672836
Iter 800 - Loss: 0.3334945941276467 - Acc: 0.8470100625028623
Iter 1000 - Loss: 0.3341414288773046 - Acc: 0.8468278147481181
Iter 1200 - Loss: 0.33569455865171927 - Acc: 0.846100279185099
End epochs 30 
Saved the model
[I] Start training finished in 3494.442 s.


PS:

Read file </home/trangnm/ngannt/cidpython//development/Pointwise/result/pw30@14:18:51-04:08:18.error> for stderr output of this job.

