Sender: LSF System <openlava@fit06>
Subject: Job 853349: <pw_new> Done

Job <pw_new> was submitted from host <fit-gw> by user <trangnm>.
Job was executed on host(s) <20*fit06>, in queue <gpu>, as user <trangnm>.
</home/trangnm> was used as the home directory.
</home/trangnm/ngannt/cidpython> was used as the working directory.
Started at Sat Aug  4 09:20:54 2018
Results reported at Sat Aug  4 12:33:28 2018

Your job looked like:

------------------------------------------------------------
# LSBATCH: User input
PYTHONPATH=/home/trangnm/ngannt/cidpython/ python N_main.py
------------------------------------------------------------

Successfully completed.

Resource usage summary:

    CPU time   :  10157.51 sec.
    Max Memory :      1960 MB
    Max Swap   :     95519 MB

    Max Processes  :         3

The output (if any) follows:

Number of training mentions: 77734
[I] Loading start finished in 0.002 s.
Iter 0 - Loss: 1.0327048301696777 - Acc: 0.48825064301490784
Iter 200 - Loss: 0.6976325941916129 - Acc: 0.5423959266783586
Iter 400 - Loss: 0.6866009190790077 - Acc: 0.5577376992476551
Iter 600 - Loss: 0.6801974180335808 - Acc: 0.5676696620348488
Iter 800 - Loss: 0.6754821672868193 - Acc: 0.5748429687951835
Iter 1000 - Loss: 0.6716801374108641 - Acc: 0.5803642919906726
Iter 1200 - Loss: 0.6682245394867922 - Acc: 0.5853715215644472
End epochs 1 
Iter 0 - Loss: 0.6431002616882324 - Acc: 0.6193317174911499
Iter 200 - Loss: 0.6428715112197458 - Acc: 0.6185909892196086
Iter 400 - Loss: 0.6413645195842087 - Acc: 0.6210114373233253
Iter 600 - Loss: 0.6401291261496838 - Acc: 0.6223999205325883
Iter 800 - Loss: 0.6386465996541036 - Acc: 0.6238922045918439
Iter 1000 - Loss: 0.637384229130321 - Acc: 0.6250199792268393
Iter 1200 - Loss: 0.6361366541161326 - Acc: 0.626139773268386
End epochs 2 
Iter 0 - Loss: 0.6318255066871643 - Acc: 0.6212121248245239
Iter 200 - Loss: 0.619215964084834 - Acc: 0.6398907028027435
Iter 400 - Loss: 0.6181537326137324 - Acc: 0.6407940347593026
Iter 600 - Loss: 0.6161822382106559 - Acc: 0.6425326248373644
Iter 800 - Loss: 0.6153445825743467 - Acc: 0.6434413606903229
Iter 1000 - Loss: 0.6149588644683183 - Acc: 0.6432661908966202
Iter 1200 - Loss: 0.6128682945292756 - Acc: 0.6445088101167862
End epochs 3 
Iter 0 - Loss: 0.6170303821563721 - Acc: 0.6395630836486816
Iter 200 - Loss: 0.5916999542891089 - Acc: 0.6598635123143741
Iter 400 - Loss: 0.5892314227144617 - Acc: 0.6630426486234118
Iter 600 - Loss: 0.5870749845282607 - Acc: 0.6655412097143849
Iter 800 - Loss: 0.5857605786805742 - Acc: 0.6667227439219585
Iter 1000 - Loss: 0.58395695192116 - Acc: 0.6683149038852154
Iter 1200 - Loss: 0.583027352798392 - Acc: 0.6690438401192849
End epochs 4 
Iter 0 - Loss: 0.5776353478431702 - Acc: 0.6930232644081116
Iter 200 - Loss: 0.5676233374064241 - Acc: 0.6802675347423079
Iter 400 - Loss: 0.5660875861781494 - Acc: 0.6821760101211338
Iter 600 - Loss: 0.5650516620491587 - Acc: 0.6828711139977276
Iter 800 - Loss: 0.5642287151867085 - Acc: 0.6834481727615576
Iter 1000 - Loss: 0.5636625708519043 - Acc: 0.6838959875878516
Iter 1200 - Loss: 0.5621430501155711 - Acc: 0.6851412259371056
End epochs 5 
Iter 0 - Loss: 0.5220827460289001 - Acc: 0.7052153944969177
Iter 200 - Loss: 0.5474844285801276 - Acc: 0.6994364475136372
Iter 400 - Loss: 0.545734341676693 - Acc: 0.7004876542567018
Iter 600 - Loss: 0.5453820114028632 - Acc: 0.700882453787545
Iter 800 - Loss: 0.5435341011718864 - Acc: 0.7025090570604607
Iter 1000 - Loss: 0.5411740193417022 - Acc: 0.7041723966955782
Iter 1200 - Loss: 0.539595220085981 - Acc: 0.705165101080314
End epochs 6 
Iter 0 - Loss: 0.5101068615913391 - Acc: 0.7279236316680908
Iter 200 - Loss: 0.5167119922626078 - Acc: 0.7216382094876683
Iter 400 - Loss: 0.516565352529659 - Acc: 0.721779353154865
Iter 600 - Loss: 0.5160705746211942 - Acc: 0.7219088908638216
Iter 800 - Loss: 0.5150950664884588 - Acc: 0.7225937556089385
Iter 1000 - Loss: 0.5148137357685115 - Acc: 0.7226517097456948
Iter 1200 - Loss: 0.514468604579357 - Acc: 0.7229244697103889
End epochs 7 
Iter 0 - Loss: 0.5217005014419556 - Acc: 0.7314148545265198
Iter 200 - Loss: 0.49278028479856045 - Acc: 0.7353053152264647
Iter 400 - Loss: 0.49165319333647256 - Acc: 0.7366073156830081
Iter 600 - Loss: 0.49365875134848913 - Acc: 0.7347307820090042
Iter 800 - Loss: 0.4946606145071775 - Acc: 0.7338818010319484
Iter 1000 - Loss: 0.49489702175666284 - Acc: 0.7339396429109526
Iter 1200 - Loss: 0.4945779538819633 - Acc: 0.7339607940228356
End epochs 8 
Iter 0 - Loss: 0.5539088249206543 - Acc: 0.6823979616165161
Iter 200 - Loss: 0.4820104585358159 - Acc: 0.7407414604775349
Iter 400 - Loss: 0.48121355804719235 - Acc: 0.7413986087439958
Iter 600 - Loss: 0.48184775795397067 - Acc: 0.7406806400333982
Iter 800 - Loss: 0.48174402627456797 - Acc: 0.7407483913925257
Iter 1000 - Loss: 0.48130459328750513 - Acc: 0.7410489661352975
Iter 1200 - Loss: 0.48046016884187576 - Acc: 0.7417890138173481
End epochs 9 
Iter 0 - Loss: 0.4580651819705963 - Acc: 0.7575757503509521
Iter 200 - Loss: 0.4607508298176438 - Acc: 0.7530095188771907
Iter 400 - Loss: 0.462976299021904 - Acc: 0.751793447129447
Iter 600 - Loss: 0.4644540389643334 - Acc: 0.7511932548389657
Iter 800 - Loss: 0.4649381238348624 - Acc: 0.750744016503871
Iter 1000 - Loss: 0.4656863221517214 - Acc: 0.7498847724317195
Iter 1200 - Loss: 0.4653839161006934 - Acc: 0.7498884785185249
End epochs 10 
Iter 0 - Loss: 0.42866042256355286 - Acc: 0.7777777910232544
Iter 200 - Loss: 0.4473492141386763 - Acc: 0.7581608728389835
Iter 400 - Loss: 0.45246001713888306 - Acc: 0.7554514657826792
Iter 600 - Loss: 0.4528247708587996 - Acc: 0.7554620563884742
Iter 800 - Loss: 0.45330378647600666 - Acc: 0.7547263135475464
Iter 1000 - Loss: 0.4531146230159344 - Acc: 0.7543476642547668
Iter 1200 - Loss: 0.45337400753531826 - Acc: 0.7542180693417564
End epochs 11 
Iter 0 - Loss: 0.43865513801574707 - Acc: 0.7506203651428223
Iter 200 - Loss: 0.442484134613578 - Acc: 0.7611875276067364
Iter 400 - Loss: 0.44358948192691566 - Acc: 0.7600632570033656
Iter 600 - Loss: 0.44452781333106134 - Acc: 0.7589732582081178
Iter 800 - Loss: 0.44412794162271624 - Acc: 0.7595136856913716
Iter 1000 - Loss: 0.4448835876557258 - Acc: 0.7590925423772661
Iter 1200 - Loss: 0.4449171681239345 - Acc: 0.7589827436491612
End epochs 12 
Iter 0 - Loss: 0.4367755353450775 - Acc: 0.7625570893287659
Iter 200 - Loss: 0.4360156867338057 - Acc: 0.7641592286712494
Iter 400 - Loss: 0.43711524741013447 - Acc: 0.7626655286089737
Iter 600 - Loss: 0.4380117172806116 - Acc: 0.7617574713987836
Iter 800 - Loss: 0.4378274477525299 - Acc: 0.7622255471612928
Iter 1000 - Loss: 0.4382634751803868 - Acc: 0.7617413882728105
Iter 1200 - Loss: 0.43867549794004124 - Acc: 0.7616963383061602
End epochs 13 
Iter 0 - Loss: 0.424569308757782 - Acc: 0.7753623127937317
Iter 200 - Loss: 0.42654325401605064 - Acc: 0.7673153699333988
Iter 400 - Loss: 0.42908761648465865 - Acc: 0.7665062549702841
Iter 600 - Loss: 0.43028221035162345 - Acc: 0.7665332743213101
Iter 800 - Loss: 0.4308005255483063 - Acc: 0.7663679858867297
Iter 1000 - Loss: 0.431438268987568 - Acc: 0.7662565595024711
Iter 1200 - Loss: 0.4313710727213225 - Acc: 0.7667203770886849
End epochs 14 
Iter 0 - Loss: 0.35347336530685425 - Acc: 0.8215053677558899
Iter 200 - Loss: 0.42379813630189467 - Acc: 0.7723188112624249
Iter 400 - Loss: 0.42260939328747793 - Acc: 0.7733338319155344
Iter 600 - Loss: 0.4216569671515816 - Acc: 0.7733300739834194
Iter 800 - Loss: 0.4225145389375913 - Acc: 0.7728032127450617
Iter 1000 - Loss: 0.423718898833453 - Acc: 0.7724538322809812
Iter 1200 - Loss: 0.42406971997067294 - Acc: 0.7723863584909908
End epochs 15 
Iter 0 - Loss: 0.4392136037349701 - Acc: 0.76115483045578
Iter 200 - Loss: 0.41591998578897166 - Acc: 0.776093645475397
Iter 400 - Loss: 0.4158342207161863 - Acc: 0.7772833979932448
Iter 600 - Loss: 0.41681863841121886 - Acc: 0.7775018751720422
Iter 800 - Loss: 0.41620569881726144 - Acc: 0.7790348953224449
Iter 1000 - Loss: 0.4148948085415256 - Acc: 0.7811331345246627
Iter 1200 - Loss: 0.4139007096931797 - Acc: 0.782500067966169
End epochs 16 
Iter 0 - Loss: 0.41462552547454834 - Acc: 0.7808399200439453
Iter 200 - Loss: 0.39752240782946496 - Acc: 0.7993331551551819
Iter 400 - Loss: 0.39712767499937973 - Acc: 0.7987577441030013
Iter 600 - Loss: 0.39690535606044697 - Acc: 0.7988856062912901
Iter 800 - Loss: 0.3967293097582947 - Acc: 0.7992694978410385
Iter 1000 - Loss: 0.39684801492895877 - Acc: 0.7992849341043821
Iter 1200 - Loss: 0.3967674862683365 - Acc: 0.7996346684518603
End epochs 17 
Iter 0 - Loss: 0.3884439170360565 - Acc: 0.8062826991081238
Iter 200 - Loss: 0.3835571599540426 - Acc: 0.8082826428152435
Iter 400 - Loss: 0.38413678522121875 - Acc: 0.8084220603814446
Iter 600 - Loss: 0.38564172605309827 - Acc: 0.8077302879581039
Iter 800 - Loss: 0.38819596189982286 - Acc: 0.8067071974351909
Iter 1000 - Loss: 0.38853190602598847 - Acc: 0.8064871386929111
Iter 1200 - Loss: 0.3891328824102432 - Acc: 0.8061534619946762
End epochs 18 
Iter 0 - Loss: 0.37730520963668823 - Acc: 0.8151658773422241
Iter 200 - Loss: 0.37856388803738267 - Acc: 0.8110131440471061
Iter 400 - Loss: 0.37941815728261286 - Acc: 0.810871909235481
Iter 600 - Loss: 0.3824220099881564 - Acc: 0.8094641060480063
Iter 800 - Loss: 0.38259982884153443 - Acc: 0.8100646307108257
Iter 1000 - Loss: 0.3828996704234467 - Acc: 0.8101606528003971
Iter 1200 - Loss: 0.3836471078100054 - Acc: 0.8097496880381232
End epochs 19 
Iter 0 - Loss: 0.40914568305015564 - Acc: 0.8110047578811646
Iter 200 - Loss: 0.37386893484722916 - Acc: 0.8160554428598774
Iter 400 - Loss: 0.37262723927485975 - Acc: 0.8176453360298328
Iter 600 - Loss: 0.37256095983621085 - Acc: 0.8181917435317587
Iter 800 - Loss: 0.37233771560492734 - Acc: 0.8189690689022622
Iter 1000 - Loss: 0.37209777023408797 - Acc: 0.8197953261576452
Iter 1200 - Loss: 0.37129840361486366 - Acc: 0.820653613908007
End epochs 20 
Iter 0 - Loss: 0.34604281187057495 - Acc: 0.8224999904632568
Iter 200 - Loss: 0.3518291320373763 - Acc: 0.8336374267416807
Iter 400 - Loss: 0.3524166579704332 - Acc: 0.8335929040302362
Iter 600 - Loss: 0.35366320619963965 - Acc: 0.8328638709523714
Iter 800 - Loss: 0.3549199558971229 - Acc: 0.8327431341682034
Iter 1000 - Loss: 0.35548887412983937 - Acc: 0.8326210993510502
Iter 1200 - Loss: 0.35656810372596376 - Acc: 0.8322805480893506
End epochs 21 
Iter 0 - Loss: 0.39133110642433167 - Acc: 0.8175355195999146
Iter 200 - Loss: 0.33968254553144844 - Acc: 0.8408508787107705
Iter 400 - Loss: 0.34223995749789876 - Acc: 0.8402354336736209
Iter 600 - Loss: 0.34414521221709926 - Acc: 0.8395183089370537
Iter 800 - Loss: 0.3462409670284476 - Acc: 0.8388222529647056
Iter 1000 - Loss: 0.346764739130165 - Acc: 0.8385862338316666
Iter 1200 - Loss: 0.347303231615111 - Acc: 0.8383320876700395
End epochs 22 
Iter 0 - Loss: 0.37569957971572876 - Acc: 0.8072776198387146
Iter 200 - Loss: 0.3432382981279003 - Acc: 0.8409514231468315
Iter 400 - Loss: 0.34184893475209094 - Acc: 0.8418812216665976
Iter 600 - Loss: 0.34136445473216337 - Acc: 0.8414267299575933
Iter 800 - Loss: 0.34223982291796085 - Acc: 0.84088007036071
Iter 1000 - Loss: 0.34227258712797615 - Acc: 0.8410072895315858
Iter 1200 - Loss: 0.34335856931245295 - Acc: 0.8405818292540773
End epochs 23 
Iter 0 - Loss: 0.3271508812904358 - Acc: 0.8438228368759155
Iter 200 - Loss: 0.3344885600888314 - Acc: 0.8464093555265398
Iter 400 - Loss: 0.33587176362029336 - Acc: 0.8448556768626644
Iter 600 - Loss: 0.3368781098658947 - Acc: 0.8444911191943482
Iter 800 - Loss: 0.3386490953883875 - Acc: 0.8436425160825922
Iter 1000 - Loss: 0.33955876304434013 - Acc: 0.8432158422874999
Iter 1200 - Loss: 0.33984941313606215 - Acc: 0.8431466391541181
End epochs 24 
Iter 0 - Loss: 0.3584977686405182 - Acc: 0.8389261960983276
Iter 200 - Loss: 0.330601569876742 - Acc: 0.8472311736932442
Iter 400 - Loss: 0.3323664225247733 - Acc: 0.8471531139644899
Iter 600 - Loss: 0.3327090906323292 - Acc: 0.8471494733593031
Iter 800 - Loss: 0.33413814512382584 - Acc: 0.8465578383423118
Iter 1000 - Loss: 0.3346013855207693 - Acc: 0.8464623751578393
Iter 1200 - Loss: 0.3350288755044056 - Acc: 0.8465969402724559
End epochs 25 
Iter 0 - Loss: 0.30567264556884766 - Acc: 0.851089596748352
Iter 200 - Loss: 0.32664408004699064 - Acc: 0.8522193505989378
Iter 400 - Loss: 0.3249464304072601 - Acc: 0.8531126119846715
Iter 600 - Loss: 0.32445903605907017 - Acc: 0.8540323699968627
Iter 800 - Loss: 0.32581224639466344 - Acc: 0.8537344240517205
Iter 1000 - Loss: 0.3262820277329568 - Acc: 0.8536911825914602
Iter 1200 - Loss: 0.3254910055470407 - Acc: 0.8544098632619542
End epochs 26 
Iter 0 - Loss: 0.2895180284976959 - Acc: 0.8839712738990784
Iter 200 - Loss: 0.30951509161375057 - Acc: 0.863926747545081
Iter 400 - Loss: 0.31469229108972147 - Acc: 0.8614120600824047
Iter 600 - Loss: 0.31530869056698485 - Acc: 0.861295807381438
Iter 800 - Loss: 0.3172335990805751 - Acc: 0.8600725832205736
Iter 1000 - Loss: 0.31857960685328407 - Acc: 0.8596498867372175
Iter 1200 - Loss: 0.31822853959122865 - Acc: 0.8599537117693644
End epochs 27 
Iter 0 - Loss: 0.32858502864837646 - Acc: 0.8582251071929932
Iter 200 - Loss: 0.31062899567001495 - Acc: 0.8643619243185319
Iter 400 - Loss: 0.30875093692407346 - Acc: 0.8654167203237291
Iter 600 - Loss: 0.30834394311547875 - Acc: 0.8655235591823368
Iter 800 - Loss: 0.3100424042429668 - Acc: 0.8645503410090519
Iter 1000 - Loss: 0.3107789678352101 - Acc: 0.8643427855604059
Iter 1200 - Loss: 0.3113350970585281 - Acc: 0.8640433076418608
End epochs 28 
Iter 0 - Loss: 0.30436503887176514 - Acc: 0.8571428656578064
Iter 200 - Loss: 0.3012128031965512 - Acc: 0.869975530092989
Iter 400 - Loss: 0.3038758861082153 - Acc: 0.8684652956049341
Iter 600 - Loss: 0.30485753281144257 - Acc: 0.8683631332860811
Iter 800 - Loss: 0.30591983678337936 - Acc: 0.8679297946663236
Iter 1000 - Loss: 0.3063285339188266 - Acc: 0.8678889976633893
Iter 1200 - Loss: 0.3069534816040187 - Acc: 0.8676923274696121
End epochs 29 
Iter 0 - Loss: 0.2219807356595993 - Acc: 0.8964285850524902
Iter 200 - Loss: 0.29650267877092407 - Acc: 0.8725954999971153
Iter 400 - Loss: 0.297478636155402 - Acc: 0.8722861614310533
Iter 600 - Loss: 0.2993507693442648 - Acc: 0.871224324635777
Iter 800 - Loss: 0.30108077675290174 - Acc: 0.8707119322448188
Iter 1000 - Loss: 0.30091393095153673 - Acc: 0.8708965743219221
Iter 1200 - Loss: 0.3016998964136189 - Acc: 0.8706419947343901
End epochs 30 
Iter 0 - Loss: 0.304317831993103 - Acc: 0.8719512224197388
Iter 200 - Loss: 0.2962495444425896 - Acc: 0.8736373109010914
Iter 400 - Loss: 0.29676397917722525 - Acc: 0.8737578479726416
Iter 600 - Loss: 0.29483282603261474 - Acc: 0.8746416589583018
Iter 800 - Loss: 0.29612446197781817 - Acc: 0.8741221447264805
Iter 1000 - Loss: 0.2977035630654384 - Acc: 0.8734886124655679
Iter 1200 - Loss: 0.29813335390511797 - Acc: 0.8732750135397137
End epochs 31 
Iter 0 - Loss: 0.33311858773231506 - Acc: 0.859078586101532
Iter 200 - Loss: 0.28962457239331296 - Acc: 0.8779375938633781
Iter 400 - Loss: 0.29174926839861787 - Acc: 0.8768001195795816
Iter 600 - Loss: 0.29085326065834666 - Acc: 0.8772600485560501
Iter 800 - Loss: 0.29300010972627244 - Acc: 0.876067572765136
Iter 1000 - Loss: 0.29374473253925604 - Acc: 0.8756734902089411
Iter 1200 - Loss: 0.2944987566147518 - Acc: 0.8751090869716959
End epochs 32 
Iter 0 - Loss: 0.2888522148132324 - Acc: 0.8735632300376892
Iter 200 - Loss: 0.28799853373819323 - Acc: 0.8786906941020074
Iter 400 - Loss: 0.2885646857599962 - Acc: 0.8783589479631914
Iter 600 - Loss: 0.29028381610571247 - Acc: 0.8777086017730827
Iter 800 - Loss: 0.2912946454296993 - Acc: 0.8771571172459444
Iter 1000 - Loss: 0.2916462596182104 - Acc: 0.8771453946977705
Iter 1200 - Loss: 0.29300856033183453 - Acc: 0.8766100650326001
End epochs 33 
Iter 0 - Loss: 0.28232401609420776 - Acc: 0.8768472671508789
Iter 200 - Loss: 0.28522736857186504 - Acc: 0.8807721570949649
Iter 400 - Loss: 0.2874947278725536 - Acc: 0.879935883821692
Iter 600 - Loss: 0.2888180852035516 - Acc: 0.8791606881455851
Iter 800 - Loss: 0.28864575061161124 - Acc: 0.8793389763724938
Iter 1000 - Loss: 0.2896994928290675 - Acc: 0.8787996633188588
Iter 1200 - Loss: 0.28991266956039513 - Acc: 0.8787517928759522
End epochs 34 
Iter 0 - Loss: 0.2650153338909149 - Acc: 0.8931204080581665
Iter 200 - Loss: 0.2832527280002091 - Acc: 0.8815911518993662
Iter 400 - Loss: 0.28577521183246984 - Acc: 0.8806859541712259
Iter 600 - Loss: 0.28628161542129993 - Acc: 0.8804208509338874
Iter 800 - Loss: 0.2864241942335455 - Acc: 0.8803355867943067
Iter 1000 - Loss: 0.2873304613850095 - Acc: 0.8799982961717543
Iter 1200 - Loss: 0.2875220862579385 - Acc: 0.8798872496960661
End epochs 35 
Iter 0 - Loss: 0.2558434009552002 - Acc: 0.8921319842338562
Iter 200 - Loss: 0.27767413891666565 - Acc: 0.8848314288243726
Iter 400 - Loss: 0.28220469915212837 - Acc: 0.882723980859628
Iter 600 - Loss: 0.2820763790518194 - Acc: 0.8826564028735169
Iter 800 - Loss: 0.28328872921315024 - Acc: 0.8819568312718776
Iter 1000 - Loss: 0.2843591236806178 - Acc: 0.8814033843301512
Iter 1200 - Loss: 0.2858786639896261 - Acc: 0.8806158046639035
End epochs 36 
Iter 0 - Loss: 0.27827975153923035 - Acc: 0.888059675693512
Iter 200 - Loss: 0.27589971694483684 - Acc: 0.8854095342740491
Iter 400 - Loss: 0.2780032389404768 - Acc: 0.8847877363908915
Iter 600 - Loss: 0.2804042461410338 - Acc: 0.883803972190311
Iter 800 - Loss: 0.2812976332639487 - Acc: 0.8834490771597244
Iter 1000 - Loss: 0.28268823384881375 - Acc: 0.8827491949845504
Iter 1200 - Loss: 0.28299790573656114 - Acc: 0.8826589776415511
End epochs 37 
Iter 0 - Loss: 0.3126678466796875 - Acc: 0.8672680258750916
Iter 200 - Loss: 0.27905558524143637 - Acc: 0.8838570473799064
Iter 400 - Loss: 0.27824657438253225 - Acc: 0.8844658855785456
Iter 600 - Loss: 0.2788317060956542 - Acc: 0.8844720316607623
Iter 800 - Loss: 0.28089116132363545 - Acc: 0.8836137308610066
Iter 1000 - Loss: 0.2809127304074052 - Acc: 0.8838569162847041
Iter 1200 - Loss: 0.2819991721573916 - Acc: 0.8833471316779087
End epochs 38 
Iter 0 - Loss: 0.2995499074459076 - Acc: 0.8776316046714783
Iter 200 - Loss: 0.27821579501403504 - Acc: 0.8845751810429702
Iter 400 - Loss: 0.2787878188929356 - Acc: 0.8850170480937435
Iter 600 - Loss: 0.27865092555516574 - Acc: 0.8851130061260674
Iter 800 - Loss: 0.2792320705940959 - Acc: 0.8849911596742314
Iter 1000 - Loss: 0.27949169065271107 - Acc: 0.8847528709160103
Iter 1200 - Loss: 0.28041267679146586 - Acc: 0.8844771299830682
End epochs 39 
Iter 0 - Loss: 0.27108436822891235 - Acc: 0.9049586653709412
Iter 200 - Loss: 0.2751353904234236 - Acc: 0.8865359395890686
Iter 400 - Loss: 0.2749710228675024 - Acc: 0.8873769490796134
Iter 600 - Loss: 0.276662063876325 - Acc: 0.8867029903732402
Iter 800 - Loss: 0.2769257591272264 - Acc: 0.8866919165246943
Iter 1000 - Loss: 0.27678495825647 - Acc: 0.8865354044454081
Iter 1200 - Loss: 0.27679947522359527 - Acc: 0.8865783380826844
End epochs 40 
Iter 0 - Loss: 0.25644856691360474 - Acc: 0.8904867172241211
Iter 200 - Loss: 0.27097935455652017 - Acc: 0.8889436881933639
Iter 400 - Loss: 0.2720053608429402 - Acc: 0.8889195198132808
Iter 600 - Loss: 0.2734968455976337 - Acc: 0.8878451236670902
Iter 800 - Loss: 0.27460291250591423 - Acc: 0.887741495458672
Iter 1000 - Loss: 0.2754585952846916 - Acc: 0.8872638736571465
Iter 1200 - Loss: 0.2756431934165518 - Acc: 0.8872740025028003
End epochs 41 
Iter 0 - Loss: 0.2207353413105011 - Acc: 0.9168514609336853
Iter 200 - Loss: 0.2663640514831638 - Acc: 0.8921646713024348
Iter 400 - Loss: 0.26830282636414143 - Acc: 0.8910074720061628
Iter 600 - Loss: 0.2703677194685785 - Acc: 0.8900917240863235
Iter 800 - Loss: 0.27235859705044535 - Acc: 0.889401551638352
Iter 1000 - Loss: 0.2739584451461291 - Acc: 0.8886882122699078
Iter 1200 - Loss: 0.27450480572041824 - Acc: 0.8884084886257892
End epochs 42 
Iter 0 - Loss: 0.27628976106643677 - Acc: 0.8958333134651184
Iter 200 - Loss: 0.26732745588715395 - Acc: 0.8916686648753152
Iter 400 - Loss: 0.27167639385286413 - Acc: 0.8899141386560074
Iter 600 - Loss: 0.2703155057005795 - Acc: 0.8901992771470805
Iter 800 - Loss: 0.2714105277658253 - Acc: 0.8896605772769705
Iter 1000 - Loss: 0.27192216630760846 - Acc: 0.8896406167275184
Iter 1200 - Loss: 0.27236165672069185 - Acc: 0.8892800073937314
End epochs 43 
Iter 0 - Loss: 0.26299744844436646 - Acc: 0.895225465297699
Iter 200 - Loss: 0.2645928300731811 - Acc: 0.8941959845485972
Iter 400 - Loss: 0.2662592635784958 - Acc: 0.8930551191220557
Iter 600 - Loss: 0.2687581432688851 - Acc: 0.8917617812727929
Iter 800 - Loss: 0.2693545166472817 - Acc: 0.8914445368538189
Iter 1000 - Loss: 0.27062552222064684 - Acc: 0.8908414928229539
Iter 1200 - Loss: 0.2711658558306547 - Acc: 0.8905276862111914
End epochs 44 
Iter 0 - Loss: 0.26078444719314575 - Acc: 0.8811110854148865
Iter 200 - Loss: 0.2662688728737001 - Acc: 0.8913298098009024
Iter 400 - Loss: 0.26742367513310583 - Acc: 0.8918315450152257
Iter 600 - Loss: 0.2670809900056503 - Acc: 0.8922439715429867
Iter 800 - Loss: 0.268334729989965 - Acc: 0.8918088748958078
Iter 1000 - Loss: 0.26966889933510857 - Acc: 0.8911520955445883
Iter 1200 - Loss: 0.2705555785258148 - Acc: 0.8905760583333627
End epochs 45 
Iter 0 - Loss: 0.2961937189102173 - Acc: 0.8756038546562195
Iter 200 - Loss: 0.26574888269403085 - Acc: 0.893386562961844
Iter 400 - Loss: 0.2645650374844782 - Acc: 0.8939210600091929
Iter 600 - Loss: 0.2655457042517162 - Acc: 0.8930889148878773
Iter 800 - Loss: 0.26651819638173085 - Acc: 0.8925374363840891
Iter 1000 - Loss: 0.26758630677953466 - Acc: 0.8920893404152724
Iter 1200 - Loss: 0.26863824823664983 - Acc: 0.891694973201974
End epochs 46 
Iter 0 - Loss: 0.2230074107646942 - Acc: 0.9172185659408569
Iter 200 - Loss: 0.2639969692597935 - Acc: 0.894693394502004
Iter 400 - Loss: 0.26563185817582946 - Acc: 0.8939332956090532
Iter 600 - Loss: 0.2663978494939312 - Acc: 0.8931764132171225
Iter 800 - Loss: 0.2670773440383644 - Acc: 0.8928949662510971
Iter 1000 - Loss: 0.2676138016548786 - Acc: 0.8925786347655983
Iter 1200 - Loss: 0.2676274085868705 - Acc: 0.8925242045836882
End epochs 47 
Iter 0 - Loss: 0.22112873196601868 - Acc: 0.9280742406845093
Iter 200 - Loss: 0.26500447450289083 - Acc: 0.8941874901453654
Iter 400 - Loss: 0.2649363958255906 - Acc: 0.8940519958065632
Iter 600 - Loss: 0.2656312941909828 - Acc: 0.8939643611328772
Iter 800 - Loss: 0.26512461342615135 - Acc: 0.8941428636790215
Iter 1000 - Loss: 0.26488034958606 - Acc: 0.8942050706375609
Iter 1200 - Loss: 0.26566276992737103 - Acc: 0.8937440689755518
End epochs 48 
Iter 0 - Loss: 0.24056583642959595 - Acc: 0.9050279259681702
Iter 200 - Loss: 0.2552952062134719 - Acc: 0.8983350624492512
Iter 400 - Loss: 0.2594490834973994 - Acc: 0.8964703867857593
Iter 600 - Loss: 0.26174199801812353 - Acc: 0.895279707607136
Iter 800 - Loss: 0.2636131840140632 - Acc: 0.8945453688595327
Iter 1000 - Loss: 0.26473217575878766 - Acc: 0.8940891312671589
Iter 1200 - Loss: 0.26561822730436807 - Acc: 0.893902016122772
End epochs 49 
Iter 0 - Loss: 0.26267001032829285 - Acc: 0.8987179398536682
Iter 200 - Loss: 0.2614459468802409 - Acc: 0.895675567845207
Iter 400 - Loss: 0.26041180281865034 - Acc: 0.8957370365052449
Iter 600 - Loss: 0.2611345570168757 - Acc: 0.8955688127463749
Iter 800 - Loss: 0.2625327188609989 - Acc: 0.894923440079564
Iter 1000 - Loss: 0.2630266878571544 - Acc: 0.8947364997554135
Iter 1200 - Loss: 0.2633053990550879 - Acc: 0.8948625668101664
End epochs 50 
Iter 0 - Loss: 0.227431520819664 - Acc: 0.9136252999305725
Iter 200 - Loss: 0.26067673070217245 - Acc: 0.8969536942629078
Iter 400 - Loss: 0.26061366405570296 - Acc: 0.8964361906646195
Iter 600 - Loss: 0.2608472662241804 - Acc: 0.8966019115908174
Iter 800 - Loss: 0.26150540244787673 - Acc: 0.8963964938670955
Iter 1000 - Loss: 0.26225547060802146 - Acc: 0.8960145635681076
Iter 1200 - Loss: 0.2630644335188933 - Acc: 0.8957361396305964
End epochs 51 
Iter 0 - Loss: 0.23703666031360626 - Acc: 0.9193925261497498
Iter 200 - Loss: 0.255711232919005 - Acc: 0.8988923427477404
Iter 400 - Loss: 0.25993082239443527 - Acc: 0.8972301388024689
Iter 600 - Loss: 0.2604333526282858 - Acc: 0.8967284345983864
Iter 800 - Loss: 0.26012236966324803 - Acc: 0.8967939014738419
Iter 1000 - Loss: 0.261825021806654 - Acc: 0.8960456330102164
Iter 1200 - Loss: 0.26152263205811743 - Acc: 0.8961452697337815
End epochs 52 
Iter 0 - Loss: 0.25120800733566284 - Acc: 0.9025974273681641
Iter 200 - Loss: 0.2523748346822179 - Acc: 0.9013727977501219
Iter 400 - Loss: 0.25522015461154707 - Acc: 0.8997524606616717
Iter 600 - Loss: 0.2571630257735038 - Acc: 0.8987429829286457
Iter 800 - Loss: 0.2579131827930386 - Acc: 0.8982467391666551
Iter 1000 - Loss: 0.258985140553483 - Acc: 0.8977028385742561
Iter 1200 - Loss: 0.26035486739888775 - Acc: 0.8969213134243923
End epochs 53 
Iter 0 - Loss: 0.24182891845703125 - Acc: 0.8906633853912354
Iter 200 - Loss: 0.25412331173075964 - Acc: 0.9007599528749191
Iter 400 - Loss: 0.25559146620537576 - Acc: 0.8996270330172227
Iter 600 - Loss: 0.2565429455379083 - Acc: 0.8991378249225521
Iter 800 - Loss: 0.2581766058926874 - Acc: 0.8985217055131434
Iter 1000 - Loss: 0.2580198219546548 - Acc: 0.8983839356696808
Iter 1200 - Loss: 0.2588037353297455 - Acc: 0.8979266068024202
End epochs 54 
Iter 0 - Loss: 0.2416141927242279 - Acc: 0.8961352705955505
Iter 200 - Loss: 0.24822400799438135 - Acc: 0.902971277782573
Iter 400 - Loss: 0.25266676018957485 - Acc: 0.9009507100778328
Iter 600 - Loss: 0.2551332488780014 - Acc: 0.899970953456574
Iter 800 - Loss: 0.2562924081764269 - Acc: 0.8993929751059238
Iter 1000 - Loss: 0.2578091469410059 - Acc: 0.8988769094903509
Iter 1200 - Loss: 0.2583773982688648 - Acc: 0.8984593174340425
End epochs 55 
Iter 0 - Loss: 0.2497776299715042 - Acc: 0.9058957099914551
Iter 200 - Loss: 0.251879681402178 - Acc: 0.9021253235897615
Iter 400 - Loss: 0.25143378482495166 - Acc: 0.9018224821126372
Iter 600 - Loss: 0.2531680937069228 - Acc: 0.9008722226948984
Iter 800 - Loss: 0.25580864741040227 - Acc: 0.8994819569528177
Iter 1000 - Loss: 0.25637749760420053 - Acc: 0.8991723390487762
Iter 1200 - Loss: 0.2575205958430515 - Acc: 0.8986300589341506
End epochs 56 
Iter 0 - Loss: 0.34640538692474365 - Acc: 0.8665803074836731
Iter 200 - Loss: 0.25434673870380836 - Acc: 0.9005787449689647
Iter 400 - Loss: 0.25440637644686903 - Acc: 0.9005476383496995
Iter 600 - Loss: 0.2545235661817668 - Acc: 0.9006250152572023
Iter 800 - Loss: 0.25527306198701727 - Acc: 0.9005976376610898
Iter 1000 - Loss: 0.25583017941240543 - Acc: 0.9000415428058727
Iter 1200 - Loss: 0.25635962807367885 - Acc: 0.8996562088260445
End epochs 57 
Iter 0 - Loss: 0.27203378081321716 - Acc: 0.8817330002784729
Iter 200 - Loss: 0.25375937496251727 - Acc: 0.8997757811451432
Iter 400 - Loss: 0.25196202872251333 - Acc: 0.9013505945181907
Iter 600 - Loss: 0.25382560330401244 - Acc: 0.9007226334832076
Iter 800 - Loss: 0.2541511319624202 - Acc: 0.9004151609804151
Iter 1000 - Loss: 0.25504668978425293 - Acc: 0.9001978259462934
Iter 1200 - Loss: 0.255202743085993 - Acc: 0.9002702512113776
End epochs 58 
Iter 0 - Loss: 0.18100035190582275 - Acc: 0.939803421497345
Iter 200 - Loss: 0.24687540338407107 - Acc: 0.904018864406282
Iter 400 - Loss: 0.24944076083247502 - Acc: 0.9025154332270349
Iter 600 - Loss: 0.2508288803642086 - Acc: 0.9022663193018782
Iter 800 - Loss: 0.252594022398882 - Acc: 0.9014405936337588
Iter 1000 - Loss: 0.2535600623378268 - Acc: 0.9010634356802636
Iter 1200 - Loss: 0.25406321309984575 - Acc: 0.9008542040702604
End epochs 59 
Iter 0 - Loss: 0.23395222425460815 - Acc: 0.9095127582550049
Iter 200 - Loss: 0.24427184840636468 - Acc: 0.9058572483893058
Iter 400 - Loss: 0.24731545900912058 - Acc: 0.9038935245718445
Iter 600 - Loss: 0.24982797618515282 - Acc: 0.9029741774184533
Iter 800 - Loss: 0.25073039085231025 - Acc: 0.9025924600167816
Iter 1000 - Loss: 0.25204887956410615 - Acc: 0.9020770867983182
Iter 1200 - Loss: 0.25290968184119755 - Acc: 0.901575622312433
End epochs 60 
Iter 0 - Loss: 0.25110337138175964 - Acc: 0.9033018946647644
Iter 200 - Loss: 0.24895631911149665 - Acc: 0.9041116427426314
Iter 400 - Loss: 0.2507261426520169 - Acc: 0.9029574890683714
Iter 600 - Loss: 0.2519070337249118 - Acc: 0.9019652959114304
Iter 800 - Loss: 0.25234226995937237 - Acc: 0.9017211547802748
Iter 1000 - Loss: 0.2518823512724706 - Acc: 0.9020048017863865
Iter 1200 - Loss: 0.25246661122295877 - Acc: 0.901713280554715
End epochs 61 
Iter 0 - Loss: 0.268763929605484 - Acc: 0.8950777053833008
Iter 200 - Loss: 0.2471493192721362 - Acc: 0.9050167831615429
Iter 400 - Loss: 0.2477268410888396 - Acc: 0.9041627688598157
Iter 600 - Loss: 0.24999158962098214 - Acc: 0.9029815979487884
Iter 800 - Loss: 0.2505677364738693 - Acc: 0.9027259594641077
Iter 1000 - Loss: 0.2512435728347266 - Acc: 0.9024495327032053
Iter 1200 - Loss: 0.2521924970052721 - Acc: 0.9021043267774145
End epochs 62 
Iter 0 - Loss: 0.20528939366340637 - Acc: 0.9230769276618958
Iter 200 - Loss: 0.2497928324920028 - Acc: 0.9027511551605528
Iter 400 - Loss: 0.24948027116848048 - Acc: 0.9031437376788132
Iter 600 - Loss: 0.250696385090244 - Acc: 0.9030591487487818
Iter 800 - Loss: 0.25092040013507955 - Acc: 0.9029329134879189
Iter 1000 - Loss: 0.2517188349506119 - Acc: 0.9025093791010854
Iter 1200 - Loss: 0.25158906166599154 - Acc: 0.9024512648185425
End epochs 63 
Iter 0 - Loss: 0.18541975319385529 - Acc: 0.9327146410942078
Iter 200 - Loss: 0.24565050406242483 - Acc: 0.9058773185483259
Iter 400 - Loss: 0.247185979846707 - Acc: 0.9046549774762104
Iter 600 - Loss: 0.24694419410482618 - Acc: 0.9045736165887702
Iter 800 - Loss: 0.2482993814643105 - Acc: 0.9041990401146563
Iter 1000 - Loss: 0.24858118866111611 - Acc: 0.9039604166051843
Iter 1200 - Loss: 0.24967746645038472 - Acc: 0.9034650171428398
End epochs 64 
Iter 0 - Loss: 0.2992258667945862 - Acc: 0.876731276512146
Iter 200 - Loss: 0.24936995495907702 - Acc: 0.9042793969016764
Iter 400 - Loss: 0.24727668942061445 - Acc: 0.9054682578826486
Iter 600 - Loss: 0.24909681647073806 - Acc: 0.9042883202954259
Iter 800 - Loss: 0.250273122248727 - Acc: 0.9037893253021622
Iter 1000 - Loss: 0.25021412569683393 - Acc: 0.903741238834141
Iter 1200 - Loss: 0.2507350280272971 - Acc: 0.9035457018313062
End epochs 65 
Iter 0 - Loss: 0.2185537964105606 - Acc: 0.9211822748184204
Iter 200 - Loss: 0.24328176573437837 - Acc: 0.9063345383648849
Iter 400 - Loss: 0.2472157585724928 - Acc: 0.9048243480132999
Iter 600 - Loss: 0.24757031057519643 - Acc: 0.9047478786522457
Iter 800 - Loss: 0.24794917599241087 - Acc: 0.9045780535494343
Iter 1000 - Loss: 0.2487424120053902 - Acc: 0.9041877731933937
Iter 1200 - Loss: 0.24898885051525205 - Acc: 0.9039617413088841
End epochs 66 
Iter 0 - Loss: 0.21985864639282227 - Acc: 0.9135638475418091
Iter 200 - Loss: 0.24787670752005792 - Acc: 0.9047618033874094
Iter 400 - Loss: 0.24685352702539162 - Acc: 0.9047714228047397
Iter 600 - Loss: 0.2479000222960645 - Acc: 0.9048102585329192
Iter 800 - Loss: 0.2476248534840442 - Acc: 0.9047892885410532
Iter 1000 - Loss: 0.24845677606768898 - Acc: 0.9044357834162412
Iter 1200 - Loss: 0.24842274332919984 - Acc: 0.9045752842757823
End epochs 67 
Iter 0 - Loss: 0.2659146785736084 - Acc: 0.8855140209197998
Iter 200 - Loss: 0.24517069275106362 - Acc: 0.9067053613971122
Iter 400 - Loss: 0.24458132803142815 - Acc: 0.906757192272795
Iter 600 - Loss: 0.24572938036006223 - Acc: 0.906244429494696
Iter 800 - Loss: 0.2469275803787729 - Acc: 0.9054371641667446
Iter 1000 - Loss: 0.2475020826369018 - Acc: 0.9050162038603029
Iter 1200 - Loss: 0.2484179463836176 - Acc: 0.9046780316656972
End epochs 68 
Iter 0 - Loss: 0.2158118635416031 - Acc: 0.9211165308952332
Iter 200 - Loss: 0.24342825326753492 - Acc: 0.9070883597900619
Iter 400 - Loss: 0.24323820406362007 - Acc: 0.9071802626226906
Iter 600 - Loss: 0.24520736402164084 - Acc: 0.9062051161156717
Iter 800 - Loss: 0.2467171914047665 - Acc: 0.905618475245477
Iter 1000 - Loss: 0.24671860846070262 - Acc: 0.9056518030214262
Iter 1200 - Loss: 0.24644904798959116 - Acc: 0.9056760377927585
End epochs 69 
Iter 0 - Loss: 0.20039008557796478 - Acc: 0.9243499040603638
Iter 200 - Loss: 0.2409218514143531 - Acc: 0.9083898046716529
Iter 400 - Loss: 0.24310303273195044 - Acc: 0.907577359022345
Iter 600 - Loss: 0.24434746871276228 - Acc: 0.9067254053574434
Iter 800 - Loss: 0.2444205271468478 - Acc: 0.9066764716054319
Iter 1000 - Loss: 0.24579963975257568 - Acc: 0.9059663405427923
Iter 1200 - Loss: 0.24612833161238926 - Acc: 0.9059867257381061
End epochs 70 
Iter 0 - Loss: 0.19666868448257446 - Acc: 0.9317673444747925
Iter 200 - Loss: 0.2408616222552399 - Acc: 0.9087891928592131
Iter 400 - Loss: 0.2435422085615762 - Acc: 0.9077425802735022
Iter 600 - Loss: 0.24538055627595962 - Acc: 0.9068422039812695
Iter 800 - Loss: 0.24605981030788612 - Acc: 0.906325499737605
Iter 1000 - Loss: 0.24681434837671426 - Acc: 0.9058962810289609
Iter 1200 - Loss: 0.24634910132317223 - Acc: 0.9059983646244332
End epochs 71 
Iter 0 - Loss: 0.24597524106502533 - Acc: 0.901190459728241
Iter 200 - Loss: 0.23826601827026006 - Acc: 0.9100508793669554
Iter 400 - Loss: 0.2417175230242665 - Acc: 0.907990775054827
Iter 600 - Loss: 0.24129069064698877 - Acc: 0.9081983208259607
Iter 800 - Loss: 0.24245128054148546 - Acc: 0.9077236324957991
Iter 1000 - Loss: 0.24362488178820996 - Acc: 0.9071822986378894
Iter 1200 - Loss: 0.24453898985171496 - Acc: 0.9067886260824338
End epochs 72 
Iter 0 - Loss: 0.24749229848384857 - Acc: 0.8901515007019043
Iter 200 - Loss: 0.23985171629421748 - Acc: 0.9103315700939045
Iter 400 - Loss: 0.2412135896465725 - Acc: 0.9094759315029344
Iter 600 - Loss: 0.2422594453104324 - Acc: 0.9084085915330643
Iter 800 - Loss: 0.2423798300502601 - Acc: 0.908194692989116
Iter 1000 - Loss: 0.24386848877002668 - Acc: 0.9073674297118401
Iter 1200 - Loss: 0.2445402809548239 - Acc: 0.9072076519958979
End epochs 73 
Iter 0 - Loss: 0.2352839857339859 - Acc: 0.9057591557502747
Iter 200 - Loss: 0.23932654451374985 - Acc: 0.9086380319215765
Iter 400 - Loss: 0.24045636176022508 - Acc: 0.9085942671780575
Iter 600 - Loss: 0.24072751259050035 - Acc: 0.908585757760954
Iter 800 - Loss: 0.24231734546308362 - Acc: 0.9078004350525312
Iter 1000 - Loss: 0.24284395824124166 - Acc: 0.9074959424468545
Iter 1200 - Loss: 0.24357154495164218 - Acc: 0.907323274187601
End epochs 74 
Iter 0 - Loss: 0.2807730436325073 - Acc: 0.8916876316070557
Iter 200 - Loss: 0.24381380035212977 - Acc: 0.9075782915846032
Iter 400 - Loss: 0.243312805891037 - Acc: 0.9079604611135184
Iter 600 - Loss: 0.24239966285704773 - Acc: 0.9084304610822046
Iter 800 - Loss: 0.24326358795091602 - Acc: 0.9080571492066544
Iter 1000 - Loss: 0.24373442589581668 - Acc: 0.9077559900093269
Iter 1200 - Loss: 0.24415180528789238 - Acc: 0.9075896869491876
End epochs 75 
Iter 0 - Loss: 0.2214285284280777 - Acc: 0.9019189476966858
Iter 200 - Loss: 0.23744467886822734 - Acc: 0.9102937967623052
Iter 400 - Loss: 0.24079518629577096 - Acc: 0.9092240168566715
Iter 600 - Loss: 0.2413573443344151 - Acc: 0.9086164313425835
Iter 800 - Loss: 0.24150447766953492 - Acc: 0.9083870877040906
Iter 1000 - Loss: 0.24211944349400408 - Acc: 0.9081508352325394
Iter 1200 - Loss: 0.24285631520762035 - Acc: 0.9078824645176616
End epochs 76 
Iter 0 - Loss: 0.22716735303401947 - Acc: 0.9105691313743591
Iter 200 - Loss: 0.237283353930089 - Acc: 0.9108629926520201
Iter 400 - Loss: 0.2392031289915789 - Acc: 0.9101531600714324
Iter 600 - Loss: 0.24038132774750523 - Acc: 0.9094166087231501
Iter 800 - Loss: 0.24125999597351203 - Acc: 0.909009993969278
Iter 1000 - Loss: 0.24219158035772784 - Acc: 0.9084844604119673
Iter 1200 - Loss: 0.24314253779126643 - Acc: 0.908018314620041
End epochs 77 
Iter 0 - Loss: 0.2749954164028168 - Acc: 0.8982412219047546
Iter 200 - Loss: 0.24152564928306275 - Acc: 0.9086736090740755
Iter 400 - Loss: 0.240635547034461 - Acc: 0.90960980487286
Iter 600 - Loss: 0.24038845801512135 - Acc: 0.9095340302700607
Iter 800 - Loss: 0.24185246632861138 - Acc: 0.908775880095664
Iter 1000 - Loss: 0.24148414249008113 - Acc: 0.9088211669907584
Iter 1200 - Loss: 0.2423094289934109 - Acc: 0.9085382773020583
End epochs 78 
Iter 0 - Loss: 0.319123774766922 - Acc: 0.8746770024299622
Iter 200 - Loss: 0.23724859100372636 - Acc: 0.910074387023698
Iter 400 - Loss: 0.23891444504261017 - Acc: 0.9095089640700609
Iter 600 - Loss: 0.23888017750421103 - Acc: 0.9095430812502463
Iter 800 - Loss: 0.24018056966020224 - Acc: 0.9090924392478743
Iter 1000 - Loss: 0.24159506051154522 - Acc: 0.908619170660501
Iter 1200 - Loss: 0.24197955118130884 - Acc: 0.9084942081786512
End epochs 79 
Iter 0 - Loss: 0.25980144739151 - Acc: 0.9052132964134216
Iter 200 - Loss: 0.23987223756550557 - Acc: 0.9103262842591129
Iter 400 - Loss: 0.2395854015600057 - Acc: 0.9101039073116465
Iter 600 - Loss: 0.23964043174825372 - Acc: 0.909992023236343
Iter 800 - Loss: 0.2402158911606197 - Acc: 0.9097038024522541
Iter 1000 - Loss: 0.2404458162548778 - Acc: 0.9094628114085812
Iter 1200 - Loss: 0.2414619664938424 - Acc: 0.9089630396538829
End epochs 80 
Iter 0 - Loss: 0.24465137720108032 - Acc: 0.8933823704719543
Iter 200 - Loss: 0.23673726284681862 - Acc: 0.9114398508522641
Iter 400 - Loss: 0.23709618510153527 - Acc: 0.9113972775656684
Iter 600 - Loss: 0.2369236020052096 - Acc: 0.9111803083768899
Iter 800 - Loss: 0.23781918575254718 - Acc: 0.9107525961080591
Iter 1000 - Loss: 0.23882433002466683 - Acc: 0.9102425370421204
Iter 1200 - Loss: 0.23905426720397657 - Acc: 0.9101668724310984
End epochs 81 
Iter 0 - Loss: 0.23702144622802734 - Acc: 0.9082191586494446
Iter 200 - Loss: 0.23571282373138921 - Acc: 0.9125439420861391
Iter 400 - Loss: 0.23698497160414508 - Acc: 0.9110704201118013
Iter 600 - Loss: 0.23874420049087378 - Acc: 0.9104321871740052
Iter 800 - Loss: 0.23987117686893758 - Acc: 0.9098392192195268
Iter 1000 - Loss: 0.24036968436155404 - Acc: 0.9097084324438494
Iter 1200 - Loss: 0.24044540283781204 - Acc: 0.909744023333779
End epochs 82 
Iter 0 - Loss: 0.28394922614097595 - Acc: 0.9021479487419128
Iter 200 - Loss: 0.23453209589962937 - Acc: 0.9132689359176218
Iter 400 - Loss: 0.23606849642019914 - Acc: 0.912022464739117
Iter 600 - Loss: 0.23803043437380958 - Acc: 0.9111722611547904
Iter 800 - Loss: 0.2390320865662952 - Acc: 0.9105758380502946
Iter 1000 - Loss: 0.23935774300660526 - Acc: 0.9102234129424577
Iter 1200 - Loss: 0.23996729862183755 - Acc: 0.9099122623817609
End epochs 83 
Iter 0 - Loss: 0.21976548433303833 - Acc: 0.9119433164596558
Iter 200 - Loss: 0.23379133678787384 - Acc: 0.9136178810798113
Iter 400 - Loss: 0.23575446964648003 - Acc: 0.9123154567958708
Iter 600 - Loss: 0.23566136480667033 - Acc: 0.9123008178791865
Iter 800 - Loss: 0.23688889665996538 - Acc: 0.9117470601673578
Iter 1000 - Loss: 0.23767502275439767 - Acc: 0.9112692871889273
Iter 1200 - Loss: 0.23937388316578512 - Acc: 0.9104406237105942
End epochs 84 
Iter 0 - Loss: 0.20448997616767883 - Acc: 0.9356321692466736
Iter 200 - Loss: 0.23436455673246243 - Acc: 0.913491582099478
Iter 400 - Loss: 0.23590480251948434 - Acc: 0.9125035403672597
Iter 600 - Loss: 0.23626114480110652 - Acc: 0.9122203984197087
Iter 800 - Loss: 0.2372205886017815 - Acc: 0.9116059026021636
Iter 1000 - Loss: 0.23842025507282424 - Acc: 0.9112020037271878
Iter 1200 - Loss: 0.2388074077064052 - Acc: 0.910863599163805
End epochs 85 
Iter 0 - Loss: 0.21710029244422913 - Acc: 0.921875
Iter 200 - Loss: 0.23519651065418376 - Acc: 0.9127395906258579
Iter 400 - Loss: 0.23550879776923733 - Acc: 0.912244950595342
Iter 600 - Loss: 0.236285843165861 - Acc: 0.911718170674589
Iter 800 - Loss: 0.2368311821744683 - Acc: 0.9115457280298297
Iter 1000 - Loss: 0.2375493645072579 - Acc: 0.9112259863497136
Iter 1200 - Loss: 0.23799120619285116 - Acc: 0.9110535073538406
End epochs 86 
Iter 0 - Loss: 0.19640140235424042 - Acc: 0.9368279576301575
Iter 200 - Loss: 0.229713539356616 - Acc: 0.9149089331057534
Iter 400 - Loss: 0.23495823687448764 - Acc: 0.9120513716540729
Iter 600 - Loss: 0.23598640787720482 - Acc: 0.9115223126879548
Iter 800 - Loss: 0.23642991708310207 - Acc: 0.9115387009324206
Iter 1000 - Loss: 0.23739199880715256 - Acc: 0.9114656805634855
Iter 1200 - Loss: 0.23718958981428218 - Acc: 0.9116562316062349
End epochs 87 
Iter 0 - Loss: 0.26277485489845276 - Acc: 0.9025974273681641
Iter 200 - Loss: 0.232683006952058 - Acc: 0.913708913682112
Iter 400 - Loss: 0.23481677179027377 - Acc: 0.9125921318953174
Iter 600 - Loss: 0.23545371127406292 - Acc: 0.9120953658257863
Iter 800 - Loss: 0.23563330924689546 - Acc: 0.9119697489988491
Iter 1000 - Loss: 0.23605494548033526 - Acc: 0.911914199858636
Iter 1200 - Loss: 0.23697697853267838 - Acc: 0.9115612964943783
End epochs 88 
Iter 0 - Loss: 0.3104484975337982 - Acc: 0.8883116841316223
Iter 200 - Loss: 0.23655515130776078 - Acc: 0.912158106986563
Iter 400 - Loss: 0.23770795721662907 - Acc: 0.9117545533061325
Iter 600 - Loss: 0.23715472451958203 - Acc: 0.9120383381645215
Iter 800 - Loss: 0.23707862324854556 - Acc: 0.9120090799534067
Iter 1000 - Loss: 0.23807846105003452 - Acc: 0.9116839971932974
Iter 1200 - Loss: 0.23876839094515348 - Acc: 0.9112178575585625
End epochs 89 
Iter 0 - Loss: 0.2252095341682434 - Acc: 0.915730357170105
Iter 200 - Loss: 0.23174221487484167 - Acc: 0.9144017041026063
Iter 400 - Loss: 0.23249487653188872 - Acc: 0.9141508777837206
Iter 600 - Loss: 0.2341763419587283 - Acc: 0.9133072372482541
Iter 800 - Loss: 0.23514517429244056 - Acc: 0.9129033897551109
Iter 1000 - Loss: 0.23534700369739628 - Acc: 0.9127360322139599
Iter 1200 - Loss: 0.23598662327717584 - Acc: 0.91248851205586
End epochs 90 
Iter 0 - Loss: 0.23957659304141998 - Acc: 0.9125615954399109
Iter 200 - Loss: 0.23215671921547373 - Acc: 0.9144158802222256
Iter 400 - Loss: 0.23210738365192365 - Acc: 0.9144966887714262
Iter 600 - Loss: 0.23496005350658777 - Acc: 0.9132490927685121
Iter 800 - Loss: 0.2362689967086997 - Acc: 0.9124467358755857
Iter 1000 - Loss: 0.23712670698866145 - Acc: 0.9119836159876653
Iter 1200 - Loss: 0.2371996316087931 - Acc: 0.9119391852771114
End epochs 91 
Iter 0 - Loss: 0.25152650475502014 - Acc: 0.908088207244873
Iter 200 - Loss: 0.22899314486861821 - Acc: 0.9159966467031792
Iter 400 - Loss: 0.2334445460776141 - Acc: 0.9135789704739007
Iter 600 - Loss: 0.23442606399836835 - Acc: 0.9132399842663732
Iter 800 - Loss: 0.23500180689062222 - Acc: 0.9130181827944018
Iter 1000 - Loss: 0.23581760938648696 - Acc: 0.9126542947151801
Iter 1200 - Loss: 0.23568779965870387 - Acc: 0.912844108949593
End epochs 92 
Iter 0 - Loss: 0.23275132477283478 - Acc: 0.9126436710357666
Iter 200 - Loss: 0.22917306764208856 - Acc: 0.916783156976178
Iter 400 - Loss: 0.23009924334183596 - Acc: 0.915873023339935
Iter 600 - Loss: 0.2321326320312186 - Acc: 0.914920202606728
Iter 800 - Loss: 0.2340768493628234 - Acc: 0.9139360243015076
Iter 1000 - Loss: 0.23444179379261218 - Acc: 0.9137433822100217
Iter 1200 - Loss: 0.23482220192485606 - Acc: 0.913608222132817
End epochs 93 
Iter 0 - Loss: 0.23011110723018646 - Acc: 0.9175475835800171
Iter 200 - Loss: 0.2320766592055411 - Acc: 0.9152141954768357
Iter 400 - Loss: 0.23246483188912162 - Acc: 0.9148874678219345
Iter 600 - Loss: 0.2333575313083344 - Acc: 0.9143146670201853
Iter 800 - Loss: 0.23374140844883842 - Acc: 0.9143048685588194
Iter 1000 - Loss: 0.23459370840679517 - Acc: 0.9139497228912064
Iter 1200 - Loss: 0.23540747237642243 - Acc: 0.9135640787641571
End epochs 94 
Iter 0 - Loss: 0.24551886320114136 - Acc: 0.913095235824585
Iter 200 - Loss: 0.23256701201348756 - Acc: 0.9145711165162461
Iter 400 - Loss: 0.23142041942276562 - Acc: 0.9151220220580065
Iter 600 - Loss: 0.23203603129914516 - Acc: 0.9148153104321929
Iter 800 - Loss: 0.23285693618539866 - Acc: 0.914397567622224
Iter 1000 - Loss: 0.2337587985333863 - Acc: 0.914050602412724
Iter 1200 - Loss: 0.23475650225848976 - Acc: 0.9136485059394328
End epochs 95 
Iter 0 - Loss: 0.2627315819263458 - Acc: 0.8940149545669556
Iter 200 - Loss: 0.2293083682582153 - Acc: 0.9168576266042036
Iter 400 - Loss: 0.2303189568388789 - Acc: 0.9159201826537934
Iter 600 - Loss: 0.2319182517524567 - Acc: 0.9153067413066667
Iter 800 - Loss: 0.23251257887047327 - Acc: 0.9148858179165034
Iter 1000 - Loss: 0.23418323467899632 - Acc: 0.9139882032568757
Iter 1200 - Loss: 0.2343964440985385 - Acc: 0.9138220878663805
End epochs 96 
Iter 0 - Loss: 0.2333960384130478 - Acc: 0.9107981324195862
Iter 200 - Loss: 0.22769352956790828 - Acc: 0.917077146952425
Iter 400 - Loss: 0.231804171442391 - Acc: 0.9149917044544458
Iter 600 - Loss: 0.23173342672441644 - Acc: 0.9151256937353861
Iter 800 - Loss: 0.23270668346113926 - Acc: 0.9147608552532696
Iter 1000 - Loss: 0.23400364533349588 - Acc: 0.9142039986876221
Iter 1200 - Loss: 0.23465644852952297 - Acc: 0.9137917361986032
End epochs 97 
Iter 0 - Loss: 0.22676093876361847 - Acc: 0.9179104566574097
Iter 200 - Loss: 0.22889776431505954 - Acc: 0.9167907229110376
Iter 400 - Loss: 0.23077031074468038 - Acc: 0.9159558144888081
Iter 600 - Loss: 0.23274622386485685 - Acc: 0.9146833221448242
Iter 800 - Loss: 0.2328164681662037 - Acc: 0.91452377030019
Iter 1000 - Loss: 0.23279287998790626 - Acc: 0.9147197942991
Iter 1200 - Loss: 0.2336955003123994 - Acc: 0.9143682954015581
End epochs 98 
Iter 0 - Loss: 0.22842290997505188 - Acc: 0.9061033129692078
Iter 200 - Loss: 0.2293071881752109 - Acc: 0.915440169139881
Iter 400 - Loss: 0.23012406555494466 - Acc: 0.9157387913016607
Iter 600 - Loss: 0.23092862931444325 - Acc: 0.9155605846950893
Iter 800 - Loss: 0.23160017956136617 - Acc: 0.9151874788840314
Iter 1000 - Loss: 0.23238472268357502 - Acc: 0.9146449636150669
Iter 1200 - Loss: 0.23324325074016006 - Acc: 0.9141836098389859
End epochs 99 
Iter 0 - Loss: 0.19935697317123413 - Acc: 0.9260563254356384
Iter 200 - Loss: 0.23093445873379115 - Acc: 0.9154309052139965
Iter 400 - Loss: 0.2294981987250416 - Acc: 0.9160209700948282
Iter 600 - Loss: 0.23035856250816097 - Acc: 0.9159348765744544
Iter 800 - Loss: 0.23232336865084596 - Acc: 0.9150210882394055
Iter 1000 - Loss: 0.2330275902321765 - Acc: 0.9147759667047849
Iter 1200 - Loss: 0.2342697605428648 - Acc: 0.9142748372044591
End epochs 100 
Saved the model
[I] Start training finished in 11544.169 s.


PS:

Read file </home/trangnm/ngannt/cidpython//development/Pointwise/result/pw_new@09:20:45-04:08:18.error> for stderr output of this job.

